# JRE version: Java(TM) SE Runtime Environment (8.0_102-b14) (build 1.8.0_102-b14)
# Java VM: Java HotSpot(TM) 64-Bit Server VM (25.102-b14 mixed mode bsd-amd64 compressed oops)
Heap:
 PSYoungGen      total 74752K, used 68111K [0x00000007aab00000, 0x00000007b4000000, 0x00000007c0000000)
  eden space 65536K, 90% used [0x00000007aab00000,0x00000007ae4a4d10,0x00000007aeb00000)
  from space 9216K, 98% used [0x00000007aeb00000,0x00000007af3df248,0x00000007af400000)
  to   space 10752K, 0% used [0x00000007b3580000,0x00000007b3580000,0x00000007b4000000)
 ParOldGen       total 44032K, used 22071K [0x0000000780000000, 0x0000000782b00000, 0x00000007aab00000)
  object space 44032K, 50% used [0x0000000780000000,0x000000078158dff8,0x0000000782b00000)
 Metaspace       used 19232K, capacity 19441K, committed 19712K, reserved 1067008K
  class space    used 1885K, capacity 1951K, committed 2048K, reserved 1048576K
GC Heap History (10 events):
Event: 3.641 GC heap before
{Heap before GC invocations=3 (full 0):
 PSYoungGen      total 18944K, used 18928K [0x00000007aab00000, 0x00000007ac000000, 0x00000007c0000000)
  eden space 16384K, 100% used [0x00000007aab00000,0x00000007abb00000,0x00000007abb00000)
  from space 2560K, 99% used [0x00000007abd80000,0x00000007abffc030,0x00000007ac000000)
  to   space 2560K, 0% used [0x00000007abb00000,0x00000007abb00000,0x00000007abd80000)
 ParOldGen       total 44032K, used 2985K [0x0000000780000000, 0x0000000782b00000, 0x00000007aab00000)
  object space 44032K, 6% used [0x0000000780000000,0x00000007802ea5c0,0x0000000782b00000)
 Metaspace       used 18187K, capacity 18363K, committed 18560K, reserved 1067008K
  class space    used 1842K, capacity 1916K, committed 1920K, reserved 1048576K
Event: 3.667 GC heap after
Heap after GC invocations=3 (full 0):
 PSYoungGen      total 18944K, used 2544K [0x00000007aab00000, 0x00000007ad000000, 0x00000007c0000000)
  eden space 16384K, 0% used [0x00000007aab00000,0x00000007aab00000,0x00000007abb00000)
  from space 2560K, 99% used [0x00000007abb00000,0x00000007abd7c070,0x00000007abd80000)
  to   space 2560K, 0% used [0x00000007acd80000,0x00000007acd80000,0x00000007ad000000)
 ParOldGen       total 44032K, used 10099K [0x0000000780000000, 0x0000000782b00000, 0x00000007aab00000)
  object space 44032K, 22% used [0x0000000780000000,0x00000007809dcf78,0x0000000782b00000)
 Metaspace       used 18187K, capacity 18363K, committed 18560K, reserved 1067008K
  class space    used 1842K, capacity 1916K, committed 1920K, reserved 1048576K
}
Event: 3.972 GC heap before
{Heap before GC invocations=4 (full 0):
 PSYoungGen      total 18944K, used 18761K [0x00000007aab00000, 0x00000007ad000000, 0x00000007c0000000)
  eden space 16384K, 98% used [0x00000007aab00000,0x00000007abad6690,0x00000007abb00000)
  from space 2560K, 99% used [0x00000007abb00000,0x00000007abd7c070,0x00000007abd80000)
  to   space 2560K, 0% used [0x00000007acd80000,0x00000007acd80000,0x00000007ad000000)
 ParOldGen       total 44032K, used 10099K [0x0000000780000000, 0x0000000782b00000, 0x00000007aab00000)
  object space 44032K, 22% used [0x0000000780000000,0x00000007809dcf78,0x0000000782b00000)
 Metaspace       used 18378K, capacity 18497K, committed 18560K, reserved 1067008K
  class space    used 1860K, capacity 1917K, committed 1920K, reserved 1048576K
Event: 3.986 GC heap after
Heap after GC invocations=4 (full 0):
 PSYoungGen      total 35328K, used 2544K [0x00000007aab00000, 0x00000007ad000000, 0x00000007c0000000)
  eden space 32768K, 0% used [0x00000007aab00000,0x00000007aab00000,0x00000007acb00000)
  from space 2560K, 99% used [0x00000007acd80000,0x00000007acffc050,0x00000007ad000000)
  to   space 2560K, 0% used [0x00000007acb00000,0x00000007acb00000,0x00000007acd80000)
 ParOldGen       total 44032K, used 13300K [0x0000000780000000, 0x0000000782b00000, 0x00000007aab00000)
  object space 44032K, 30% used [0x0000000780000000,0x0000000780cfd048,0x0000000782b00000)
 Metaspace       used 18378K, capacity 18497K, committed 18560K, reserved 1067008K
  class space    used 1860K, capacity 1917K, committed 1920K, reserved 1048576K
}
Event: 4.763 GC heap before
{Heap before GC invocations=5 (full 0):
 PSYoungGen      total 35328K, used 35287K [0x00000007aab00000, 0x00000007ad000000, 0x00000007c0000000)
  eden space 32768K, 99% used [0x00000007aab00000,0x00000007acaf9d08,0x00000007acb00000)
  from space 2560K, 99% used [0x00000007acd80000,0x00000007acffc050,0x00000007ad000000)
  to   space 2560K, 0% used [0x00000007acb00000,0x00000007acb00000,0x00000007acd80000)
 ParOldGen       total 44032K, used 13300K [0x0000000780000000, 0x0000000782b00000, 0x00000007aab00000)
  object space 44032K, 30% used [0x0000000780000000,0x0000000780cfd048,0x0000000782b00000)
 Metaspace       used 18588K, capacity 18753K, committed 18816K, reserved 1067008K
  class space    used 1860K, capacity 1917K, committed 1920K, reserved 1048576K
Event: 4.779 GC heap after
Heap after GC invocations=5 (full 0):
 PSYoungGen      total 35328K, used 2513K [0x00000007aab00000, 0x00000007afe00000, 0x00000007c0000000)
  eden space 32768K, 0% used [0x00000007aab00000,0x00000007aab00000,0x00000007acb00000)
  from space 2560K, 98% used [0x00000007acb00000,0x00000007acd747c0,0x00000007acd80000)
  to   space 9728K, 0% used [0x00000007af480000,0x00000007af480000,0x00000007afe00000)
 ParOldGen       total 44032K, used 18428K [0x0000000780000000, 0x0000000782b00000, 0x00000007aab00000)
  object space 44032K, 41% used [0x0000000780000000,0x00000007811ff188,0x0000000782b00000)
 Metaspace       used 18588K, capacity 18753K, committed 18816K, reserved 1067008K
  class space    used 1860K, capacity 1917K, committed 1920K, reserved 1048576K
}
Event: 9.113 GC heap before
{Heap before GC invocations=6 (full 0):
 PSYoungGen      total 35328K, used 35039K [0x00000007aab00000, 0x00000007afe00000, 0x00000007c0000000)
  eden space 32768K, 99% used [0x00000007aab00000,0x00000007acac3568,0x00000007acb00000)
  from space 2560K, 98% used [0x00000007acb00000,0x00000007acd747c0,0x00000007acd80000)
  to   space 9728K, 0% used [0x00000007af480000,0x00000007af480000,0x00000007afe00000)
 ParOldGen       total 44032K, used 18428K [0x0000000780000000, 0x0000000782b00000, 0x00000007aab00000)
  object space 44032K, 41% used [0x0000000780000000,0x00000007811ff188,0x0000000782b00000)
 Metaspace       used 18976K, capacity 19179K, committed 19456K, reserved 1067008K
  class space    used 1877K, capacity 1950K, committed 2048K, reserved 1048576K
Event: 9.126 GC heap after
Heap after GC invocations=6 (full 0):
 PSYoungGen      total 74240K, used 4978K [0x00000007aab00000, 0x00000007afd00000, 0x00000007c0000000)
  eden space 65536K, 0% used [0x00000007aab00000,0x00000007aab00000,0x00000007aeb00000)
  from space 8704K, 57% used [0x00000007af480000,0x00000007af95c850,0x00000007afd00000)
  to   space 9216K, 0% used [0x00000007aeb00000,0x00000007aeb00000,0x00000007af400000)
 ParOldGen       total 44032K, used 18436K [0x0000000780000000, 0x0000000782b00000, 0x00000007aab00000)
  object space 44032K, 41% used [0x0000000780000000,0x0000000781201188,0x0000000782b00000)
 Metaspace       used 18976K, capacity 19179K, committed 19456K, reserved 1067008K
  class space    used 1877K, capacity 1950K, committed 2048K, reserved 1048576K
}
Event: 13.419 GC heap before
{Heap before GC invocations=7 (full 0):
 PSYoungGen      total 74240K, used 70489K [0x00000007aab00000, 0x00000007afd00000, 0x00000007c0000000)
  eden space 65536K, 99% used [0x00000007aab00000,0x00000007aeaf9f40,0x00000007aeb00000)
  from space 8704K, 57% used [0x00000007af480000,0x00000007af95c850,0x00000007afd00000)
  to   space 9216K, 0% used [0x00000007aeb00000,0x00000007aeb00000,0x00000007af400000)
 ParOldGen       total 44032K, used 18436K [0x0000000780000000, 0x0000000782b00000, 0x00000007aab00000)
  object space 44032K, 41% used [0x0000000780000000,0x0000000781201188,0x0000000782b00000)
 Metaspace       used 19156K, capacity 19377K, committed 19712K, reserved 1067008K
  class space    used 1877K, capacity 1951K, committed 2048K, reserved 1048576K
Event: 13.440 GC heap after
Heap after GC invocations=7 (full 0):
 PSYoungGen      total 74752K, used 9084K [0x00000007aab00000, 0x00000007b4000000, 0x00000007c0000000)
  eden space 65536K, 0% used [0x00000007aab00000,0x00000007aab00000,0x00000007aeb00000)
  from space 9216K, 98% used [0x00000007aeb00000,0x00000007af3df248,0x00000007af400000)
  to   space 10752K, 0% used [0x00000007b3580000,0x00000007b3580000,0x00000007b4000000)
 ParOldGen       total 44032K, used 22071K [0x0000000780000000, 0x0000000782b00000, 0x00000007aab00000)
  object space 44032K, 50% used [0x0000000780000000,0x000000078158dff8,0x0000000782b00000)
 Metaspace       used 19156K, capacity 19377K, committed 19712K, reserved 1067008K
  class space    used 1877K, capacity 1951K, committed 2048K, reserved 1048576K
}

