# JRE version: Java(TM) SE Runtime Environment (8.0_102-b14) (build 1.8.0_102-b14)
# Java VM: Java HotSpot(TM) 64-Bit Server VM (25.102-b14 mixed mode bsd-amd64 compressed oops)
Heap:
 PSYoungGen      total 47104K, used 12237K [0x00000007aab00000, 0x00000007aee80000, 0x00000007c0000000)
  eden space 46592K, 25% used [0x00000007aab00000,0x00000007ab6d37c0,0x00000007ad880000)
  from space 512K, 25% used [0x00000007ada00000,0x00000007ada20000,0x00000007ada80000)
  to   space 11264K, 0% used [0x00000007ae380000,0x00000007ae380000,0x00000007aee80000)
 ParOldGen       total 48128K, used 16871K [0x0000000780000000, 0x0000000782f00000, 0x00000007aab00000)
  object space 48128K, 35% used [0x0000000780000000,0x0000000781079fb8,0x0000000782f00000)
 Metaspace       used 21039K, capacity 21275K, committed 21552K, reserved 1069056K
  class space    used 2049K, capacity 2112K, committed 2176K, reserved 1048576K
GC Heap History (10 events):
Event: 8.495 GC heap before
{Heap before GC invocations=6 (full 0):
 PSYoungGen      total 35328K, used 35312K [0x00000007aab00000, 0x00000007b0000000, 0x00000007c0000000)
  eden space 32768K, 100% used [0x00000007aab00000,0x00000007acb00000,0x00000007acb00000)
  from space 2560K, 99% used [0x00000007acb00000,0x00000007acd7c110,0x00000007acd80000)
  to   space 10752K, 0% used [0x00000007af580000,0x00000007af580000,0x00000007b0000000)
 ParOldGen       total 44032K, used 17877K [0x0000000780000000, 0x0000000782b00000, 0x00000007aab00000)
  object space 44032K, 40% used [0x0000000780000000,0x0000000781175688,0x0000000782b00000)
 Metaspace       used 20739K, capacity 20885K, committed 21120K, reserved 1069056K
  class space    used 2040K, capacity 2111K, committed 2176K, reserved 1048576K
Event: 8.505 GC heap after
Heap after GC invocations=6 (full 0):
 PSYoungGen      total 36352K, used 4384K [0x00000007aab00000, 0x00000007afa00000, 0x00000007c0000000)
  eden space 31744K, 0% used [0x00000007aab00000,0x00000007aab00000,0x00000007aca00000)
  from space 4608K, 95% used [0x00000007af580000,0x00000007af9c8190,0x00000007afa00000)
  to   space 10240K, 0% used [0x00000007ae600000,0x00000007ae600000,0x00000007af000000)
 ParOldGen       total 44032K, used 17885K [0x0000000780000000, 0x0000000782b00000, 0x00000007aab00000)
  object space 44032K, 40% used [0x0000000780000000,0x0000000781177688,0x0000000782b00000)
 Metaspace       used 20739K, capacity 20885K, committed 21120K, reserved 1069056K
  class space    used 2040K, capacity 2111K, committed 2176K, reserved 1048576K
}
Event: 11.580 GC heap before
{Heap before GC invocations=7 (full 0):
 PSYoungGen      total 36352K, used 33532K [0x00000007aab00000, 0x00000007afa00000, 0x00000007c0000000)
  eden space 31744K, 91% used [0x00000007aab00000,0x00000007ac776fe8,0x00000007aca00000)
  from space 4608K, 95% used [0x00000007af580000,0x00000007af9c8190,0x00000007afa00000)
  to   space 10240K, 0% used [0x00000007ae600000,0x00000007ae600000,0x00000007af000000)
 ParOldGen       total 44032K, used 17885K [0x0000000780000000, 0x0000000782b00000, 0x00000007aab00000)
  object space 44032K, 40% used [0x0000000780000000,0x0000000781177688,0x0000000782b00000)
 Metaspace       used 20939K, capacity 21077K, committed 21296K, reserved 1069056K
  class space    used 2040K, capacity 2111K, committed 2176K, reserved 1048576K
Event: 11.590 GC heap after
Heap after GC invocations=7 (full 0):
 PSYoungGen      total 34304K, used 3536K [0x00000007aab00000, 0x00000007af600000, 0x00000007c0000000)
  eden space 30720K, 0% used [0x00000007aab00000,0x00000007aab00000,0x00000007ac900000)
  from space 3584K, 98% used [0x00000007ae600000,0x00000007ae9741a0,0x00000007ae980000)
  to   space 10240K, 0% used [0x00000007aec00000,0x00000007aec00000,0x00000007af600000)
 ParOldGen       total 44032K, used 18747K [0x0000000780000000, 0x0000000782b00000, 0x00000007aab00000)
  object space 44032K, 42% used [0x0000000780000000,0x000000078124eca0,0x0000000782b00000)
 Metaspace       used 20939K, capacity 21077K, committed 21296K, reserved 1069056K
  class space    used 2040K, capacity 2111K, committed 2176K, reserved 1048576K
}
Event: 11.590 GC heap before
{Heap before GC invocations=8 (full 1):
 PSYoungGen      total 34304K, used 3536K [0x00000007aab00000, 0x00000007af600000, 0x00000007c0000000)
  eden space 30720K, 0% used [0x00000007aab00000,0x00000007aab00000,0x00000007ac900000)
  from space 3584K, 98% used [0x00000007ae600000,0x00000007ae9741a0,0x00000007ae980000)
  to   space 10240K, 0% used [0x00000007aec00000,0x00000007aec00000,0x00000007af600000)
 ParOldGen       total 44032K, used 18747K [0x0000000780000000, 0x0000000782b00000, 0x00000007aab00000)
  object space 44032K, 42% used [0x0000000780000000,0x000000078124eca0,0x0000000782b00000)
 Metaspace       used 20939K, capacity 21077K, committed 21296K, reserved 1069056K
  class space    used 2040K, capacity 2111K, committed 2176K, reserved 1048576K
Event: 11.643 GC heap after
Heap after GC invocations=8 (full 1):
 PSYoungGen      total 34304K, used 0K [0x00000007aab00000, 0x00000007af600000, 0x00000007c0000000)
  eden space 30720K, 0% used [0x00000007aab00000,0x00000007aab00000,0x00000007ac900000)
  from space 3584K, 0% used [0x00000007ae600000,0x00000007ae600000,0x00000007ae980000)
  to   space 10240K, 0% used [0x00000007aec00000,0x00000007aec00000,0x00000007af600000)
 ParOldGen       total 48128K, used 16855K [0x0000000780000000, 0x0000000782f00000, 0x00000007aab00000)
  object space 48128K, 35% used [0x0000000780000000,0x0000000781075fb8,0x0000000782f00000)
 Metaspace       used 20939K, capacity 21077K, committed 21296K, reserved 1069056K
  class space    used 2040K, capacity 2111K, committed 2176K, reserved 1048576K
}
Event: 14.895 GC heap before
{Heap before GC invocations=9 (full 1):
 PSYoungGen      total 34304K, used 30720K [0x00000007aab00000, 0x00000007af600000, 0x00000007c0000000)
  eden space 30720K, 100% used [0x00000007aab00000,0x00000007ac900000,0x00000007ac900000)
  from space 3584K, 0% used [0x00000007ae600000,0x00000007ae600000,0x00000007ae980000)
  to   space 10240K, 0% used [0x00000007aec00000,0x00000007aec00000,0x00000007af600000)
 ParOldGen       total 48128K, used 16855K [0x0000000780000000, 0x0000000782f00000, 0x00000007aab00000)
  object space 48128K, 35% used [0x0000000780000000,0x0000000781075fb8,0x0000000782f00000)
 Metaspace       used 20994K, capacity 21141K, committed 21552K, reserved 1069056K
  class space    used 2041K, capacity 2111K, committed 2176K, reserved 1048576K
Event: 14.897 GC heap after
Heap after GC invocations=9 (full 1):
 PSYoungGen      total 51200K, used 128K [0x00000007aab00000, 0x00000007aef00000, 0x00000007c0000000)
  eden space 48128K, 0% used [0x00000007aab00000,0x00000007aab00000,0x00000007ada00000)
  from space 3072K, 4% used [0x00000007aec00000,0x00000007aec20000,0x00000007aef00000)
  to   space 10752K, 0% used [0x00000007ada00000,0x00000007ada00000,0x00000007ae480000)
 ParOldGen       total 48128K, used 16863K [0x0000000780000000, 0x0000000782f00000, 0x00000007aab00000)
  object space 48128K, 35% used [0x0000000780000000,0x0000000781077fb8,0x0000000782f00000)
 Metaspace       used 20994K, capacity 21141K, committed 21552K, reserved 1069056K
  class space    used 2041K, capacity 2111K, committed 2176K, reserved 1048576K
}
Event: 19.979 GC heap before
{Heap before GC invocations=10 (full 1):
 PSYoungGen      total 51200K, used 48256K [0x00000007aab00000, 0x00000007aef00000, 0x00000007c0000000)
  eden space 48128K, 100% used [0x00000007aab00000,0x00000007ada00000,0x00000007ada00000)
  from space 3072K, 4% used [0x00000007aec00000,0x00000007aec20000,0x00000007aef00000)
  to   space 10752K, 0% used [0x00000007ada00000,0x00000007ada00000,0x00000007ae480000)
 ParOldGen       total 48128K, used 16863K [0x0000000780000000, 0x0000000782f00000, 0x00000007aab00000)
  object space 48128K, 35% used [0x0000000780000000,0x0000000781077fb8,0x0000000782f00000)
 Metaspace       used 21003K, capacity 21147K, committed 21552K, reserved 1069056K
  class space    used 2041K, capacity 2112K, committed 2176K, reserved 1048576K
Event: 19.981 GC heap after
Heap after GC invocations=10 (full 1):
 PSYoungGen      total 47104K, used 128K [0x00000007aab00000, 0x00000007aee80000, 0x00000007c0000000)
  eden space 46592K, 0% used [0x00000007aab00000,0x00000007aab00000,0x00000007ad880000)
  from space 512K, 25% used [0x00000007ada00000,0x00000007ada20000,0x00000007ada80000)
  to   space 11264K, 0% used [0x00000007ae380000,0x00000007ae380000,0x00000007aee80000)
 ParOldGen       total 48128K, used 16871K [0x0000000780000000, 0x0000000782f00000, 0x00000007aab00000)
  object space 48128K, 35% used [0x0000000780000000,0x0000000781079fb8,0x0000000782f00000)
 Metaspace       used 21003K, capacity 21147K, committed 21552K, reserved 1069056K
  class space    used 2041K, capacity 2112K, committed 2176K, reserved 1048576K
}

