# JRE version: Java(TM) SE Runtime Environment (8.0_102-b14) (build 1.8.0_102-b14)
# Java VM: Java HotSpot(TM) 64-Bit Server VM (25.102-b14 mixed mode bsd-amd64 compressed oops)
Heap:
 PSYoungGen      total 72192K, used 23880K [0x00000007aab00000, 0x00000007b0780000, 0x00000007c0000000)
  eden space 56832K, 15% used [0x00000007aab00000,0x00000007ab355ea8,0x00000007ae280000)
  from space 15360K, 99% used [0x00000007af480000,0x00000007b037c3f0,0x00000007b0380000)
  to   space 18432K, 0% used [0x00000007ae280000,0x00000007ae280000,0x00000007af480000)
 ParOldGen       total 47104K, used 20136K [0x0000000780000000, 0x0000000782e00000, 0x00000007aab00000)
  object space 47104K, 42% used [0x0000000780000000,0x00000007813aa180,0x0000000782e00000)
 Metaspace       used 21295K, capacity 21531K, committed 21808K, reserved 1069056K
  class space    used 2051K, capacity 2112K, committed 2176K, reserved 1048576K
GC Heap History (10 events):
Event: 15.280 GC heap before
{Heap before GC invocations=9 (full 1):
 PSYoungGen      total 32768K, used 30720K [0x00000007aab00000, 0x00000007af680000, 0x00000007c0000000)
  eden space 30720K, 100% used [0x00000007aab00000,0x00000007ac900000,0x00000007ac900000)
  from space 2048K, 0% used [0x00000007ae300000,0x00000007ae300000,0x00000007ae500000)
  to   space 11776K, 0% used [0x00000007aeb00000,0x00000007aeb00000,0x00000007af680000)
 ParOldGen       total 47104K, used 16208K [0x0000000780000000, 0x0000000782e00000, 0x00000007aab00000)
  object space 47104K, 34% used [0x0000000780000000,0x0000000780fd4090,0x0000000782e00000)
 Metaspace       used 21094K, capacity 21275K, committed 21552K, reserved 1069056K
  class space    used 2043K, capacity 2112K, committed 2176K, reserved 1048576K
Event: 15.282 GC heap after
Heap after GC invocations=9 (full 1):
 PSYoungGen      total 54272K, used 160K [0x00000007aab00000, 0x00000007af100000, 0x00000007c0000000)
  eden space 48128K, 0% used [0x00000007aab00000,0x00000007aab00000,0x00000007ada00000)
  from space 6144K, 2% used [0x00000007aeb00000,0x00000007aeb28000,0x00000007af100000)
  to   space 11776K, 0% used [0x00000007ada00000,0x00000007ada00000,0x00000007ae580000)
 ParOldGen       total 47104K, used 16216K [0x0000000780000000, 0x0000000782e00000, 0x00000007aab00000)
  object space 47104K, 34% used [0x0000000780000000,0x0000000780fd6090,0x0000000782e00000)
 Metaspace       used 21094K, capacity 21275K, committed 21552K, reserved 1069056K
  class space    used 2043K, capacity 2112K, committed 2176K, reserved 1048576K
}
Event: 17.518 GC heap before
{Heap before GC invocations=10 (full 1):
 PSYoungGen      total 54272K, used 48175K [0x00000007aab00000, 0x00000007af100000, 0x00000007c0000000)
  eden space 48128K, 99% used [0x00000007aab00000,0x00000007ad9e3da0,0x00000007ada00000)
  from space 6144K, 2% used [0x00000007aeb00000,0x00000007aeb28000,0x00000007af100000)
  to   space 11776K, 0% used [0x00000007ada00000,0x00000007ada00000,0x00000007ae580000)
 ParOldGen       total 47104K, used 16216K [0x0000000780000000, 0x0000000782e00000, 0x00000007aab00000)
  object space 47104K, 34% used [0x0000000780000000,0x0000000780fd6090,0x0000000782e00000)
 Metaspace       used 21120K, capacity 21275K, committed 21552K, reserved 1069056K
  class space    used 2043K, capacity 2112K, committed 2176K, reserved 1048576K
Event: 17.525 GC heap after
Heap after GC invocations=10 (full 1):
 PSYoungGen      total 59904K, used 6880K [0x00000007aab00000, 0x00000007b0000000, 0x00000007c0000000)
  eden space 48128K, 0% used [0x00000007aab00000,0x00000007aab00000,0x00000007ada00000)
  from space 11776K, 58% used [0x00000007ada00000,0x00000007ae0b81f0,0x00000007ae580000)
  to   space 11776K, 0% used [0x00000007af480000,0x00000007af480000,0x00000007b0000000)
 ParOldGen       total 47104K, used 16224K [0x0000000780000000, 0x0000000782e00000, 0x00000007aab00000)
  object space 47104K, 34% used [0x0000000780000000,0x0000000780fd8090,0x0000000782e00000)
 Metaspace       used 21120K, capacity 21275K, committed 21552K, reserved 1069056K
  class space    used 2043K, capacity 2112K, committed 2176K, reserved 1048576K
}
Event: 21.128 GC heap before
{Heap before GC invocations=11 (full 1):
 PSYoungGen      total 59904K, used 55008K [0x00000007aab00000, 0x00000007b0000000, 0x00000007c0000000)
  eden space 48128K, 100% used [0x00000007aab00000,0x00000007ada00000,0x00000007ada00000)
  from space 11776K, 58% used [0x00000007ada00000,0x00000007ae0b81f0,0x00000007ae580000)
  to   space 11776K, 0% used [0x00000007af480000,0x00000007af480000,0x00000007b0000000)
 ParOldGen       total 47104K, used 16224K [0x0000000780000000, 0x0000000782e00000, 0x00000007aab00000)
  object space 47104K, 34% used [0x0000000780000000,0x0000000780fd8090,0x0000000782e00000)
 Metaspace       used 21170K, capacity 21339K, committed 21552K, reserved 1069056K
  class space    used 2043K, capacity 2112K, committed 2176K, reserved 1048576K
Event: 21.137 GC heap after
Heap after GC invocations=11 (full 1):
 PSYoungGen      total 73728K, used 10240K [0x00000007aab00000, 0x00000007b0200000, 0x00000007c0000000)
  eden space 61952K, 0% used [0x00000007aab00000,0x00000007aab00000,0x00000007ae780000)
  from space 11776K, 86% used [0x00000007af480000,0x00000007afe802c0,0x00000007b0000000)
  to   space 13312K, 0% used [0x00000007ae780000,0x00000007ae780000,0x00000007af480000)
 ParOldGen       total 47104K, used 16232K [0x0000000780000000, 0x0000000782e00000, 0x00000007aab00000)
  object space 47104K, 34% used [0x0000000780000000,0x0000000780fda090,0x0000000782e00000)
 Metaspace       used 21170K, capacity 21339K, committed 21552K, reserved 1069056K
  class space    used 2043K, capacity 2112K, committed 2176K, reserved 1048576K
}
Event: 26.365 GC heap before
{Heap before GC invocations=12 (full 1):
 PSYoungGen      total 73728K, used 72052K [0x00000007aab00000, 0x00000007b0200000, 0x00000007c0000000)
  eden space 61952K, 99% used [0x00000007aab00000,0x00000007ae75cfd8,0x00000007ae780000)
  from space 11776K, 86% used [0x00000007af480000,0x00000007afe802c0,0x00000007b0000000)
  to   space 13312K, 0% used [0x00000007ae780000,0x00000007ae780000,0x00000007af480000)
 ParOldGen       total 47104K, used 16232K [0x0000000780000000, 0x0000000782e00000, 0x00000007aab00000)
  object space 47104K, 34% used [0x0000000780000000,0x0000000780fda090,0x0000000782e00000)
 Metaspace       used 21226K, capacity 21467K, committed 21808K, reserved 1069056K
  class space    used 2043K, capacity 2112K, committed 2176K, reserved 1048576K
Event: 26.373 GC heap after
Heap after GC invocations=12 (full 1):
 PSYoungGen      total 73216K, used 13200K [0x00000007aab00000, 0x00000007b0380000, 0x00000007c0000000)
  eden space 59904K, 0% used [0x00000007aab00000,0x00000007aab00000,0x00000007ae580000)
  from space 13312K, 99% used [0x00000007ae780000,0x00000007af464370,0x00000007af480000)
  to   space 15360K, 0% used [0x00000007af480000,0x00000007af480000,0x00000007b0380000)
 ParOldGen       total 47104K, used 18840K [0x0000000780000000, 0x0000000782e00000, 0x00000007aab00000)
  object space 47104K, 39% used [0x0000000780000000,0x0000000781266130,0x0000000782e00000)
 Metaspace       used 21226K, capacity 21467K, committed 21808K, reserved 1069056K
  class space    used 2043K, capacity 2112K, committed 2176K, reserved 1048576K
}
Event: 30.844 GC heap before
{Heap before GC invocations=13 (full 1):
 PSYoungGen      total 73216K, used 73104K [0x00000007aab00000, 0x00000007b0380000, 0x00000007c0000000)
  eden space 59904K, 100% used [0x00000007aab00000,0x00000007ae580000,0x00000007ae580000)
  from space 13312K, 99% used [0x00000007ae780000,0x00000007af464370,0x00000007af480000)
  to   space 15360K, 0% used [0x00000007af480000,0x00000007af480000,0x00000007b0380000)
 ParOldGen       total 47104K, used 18840K [0x0000000780000000, 0x0000000782e00000, 0x00000007aab00000)
  object space 47104K, 39% used [0x0000000780000000,0x0000000781266130,0x0000000782e00000)
 Metaspace       used 21261K, capacity 21467K, committed 21808K, reserved 1069056K
  class space    used 2043K, capacity 2112K, committed 2176K, reserved 1048576K
Event: 30.850 GC heap after
Heap after GC invocations=13 (full 1):
 PSYoungGen      total 72192K, used 15344K [0x00000007aab00000, 0x00000007b0780000, 0x00000007c0000000)
  eden space 56832K, 0% used [0x00000007aab00000,0x00000007aab00000,0x00000007ae280000)
  from space 15360K, 99% used [0x00000007af480000,0x00000007b037c3f0,0x00000007b0380000)
  to   space 18432K, 0% used [0x00000007ae280000,0x00000007ae280000,0x00000007af480000)
 ParOldGen       total 47104K, used 20136K [0x0000000780000000, 0x0000000782e00000, 0x00000007aab00000)
  object space 47104K, 42% used [0x0000000780000000,0x00000007813aa180,0x0000000782e00000)
 Metaspace       used 21261K, capacity 21467K, committed 21808K, reserved 1069056K
  class space    used 2043K, capacity 2112K, committed 2176K, reserved 1048576K
}

