# JRE version: Java(TM) SE Runtime Environment (8.0_102-b14) (build 1.8.0_102-b14)
# Java VM: Java HotSpot(TM) 64-Bit Server VM (25.102-b14 mixed mode bsd-amd64 compressed oops)
Heap:
 PSYoungGen      total 58880K, used 14904K [0x00000007aab00000, 0x00000007af300000, 0x00000007c0000000)
  eden space 51200K, 28% used [0x00000007aab00000,0x00000007ab96e050,0x00000007add00000)
  from space 7680K, 1% used [0x00000007aeb80000,0x00000007aeba0000,0x00000007af300000)
  to   space 11264K, 0% used [0x00000007add00000,0x00000007add00000,0x00000007ae800000)
 ParOldGen       total 44032K, used 15381K [0x0000000780000000, 0x0000000782b00000, 0x00000007aab00000)
  object space 44032K, 34% used [0x0000000780000000,0x0000000780f05628,0x0000000782b00000)
 Metaspace       used 21043K, capacity 21211K, committed 21552K, reserved 1069056K
  class space    used 2060K, capacity 2112K, committed 2176K, reserved 1048576K
GC Heap History (10 events):
Event: 7.559 GC heap before
{Heap before GC invocations=5 (full 0):
 PSYoungGen      total 35328K, used 35312K [0x00000007aab00000, 0x00000007ad000000, 0x00000007c0000000)
  eden space 32768K, 100% used [0x00000007aab00000,0x00000007acb00000,0x00000007acb00000)
  from space 2560K, 99% used [0x00000007acd80000,0x00000007acffc050,0x00000007ad000000)
  to   space 2560K, 0% used [0x00000007acb00000,0x00000007acb00000,0x00000007acd80000)
 ParOldGen       total 44032K, used 14343K [0x0000000780000000, 0x0000000782b00000, 0x00000007aab00000)
  object space 44032K, 32% used [0x0000000780000000,0x0000000780e01eb8,0x0000000782b00000)
 Metaspace       used 20528K, capacity 20693K, committed 20864K, reserved 1069056K
  class space    used 2039K, capacity 2111K, committed 2176K, reserved 1048576K
Event: 7.573 GC heap after
Heap after GC invocations=5 (full 0):
 PSYoungGen      total 35328K, used 2528K [0x00000007aab00000, 0x00000007b0000000, 0x00000007c0000000)
  eden space 32768K, 0% used [0x00000007aab00000,0x00000007aab00000,0x00000007acb00000)
  from space 2560K, 98% used [0x00000007acb00000,0x00000007acd78050,0x00000007acd80000)
  to   space 10752K, 0% used [0x00000007af580000,0x00000007af580000,0x00000007b0000000)
 ParOldGen       total 44032K, used 18762K [0x0000000780000000, 0x0000000782b00000, 0x00000007aab00000)
  object space 44032K, 42% used [0x0000000780000000,0x0000000781252998,0x0000000782b00000)
 Metaspace       used 20528K, capacity 20693K, committed 20864K, reserved 1069056K
  class space    used 2039K, capacity 2111K, committed 2176K, reserved 1048576K
}
Event: 13.742 GC heap before
{Heap before GC invocations=6 (full 0):
 PSYoungGen      total 35328K, used 35296K [0x00000007aab00000, 0x00000007b0000000, 0x00000007c0000000)
  eden space 32768K, 100% used [0x00000007aab00000,0x00000007acb00000,0x00000007acb00000)
  from space 2560K, 98% used [0x00000007acb00000,0x00000007acd78050,0x00000007acd80000)
  to   space 10752K, 0% used [0x00000007af580000,0x00000007af580000,0x00000007b0000000)
 ParOldGen       total 44032K, used 18762K [0x0000000780000000, 0x0000000782b00000, 0x00000007aab00000)
  object space 44032K, 42% used [0x0000000780000000,0x0000000781252998,0x0000000782b00000)
 Metaspace       used 20892K, capacity 21077K, committed 21296K, reserved 1069056K
  class space    used 2039K, capacity 2111K, committed 2176K, reserved 1048576K
Event: 13.754 GC heap after
Heap after GC invocations=6 (full 0):
 PSYoungGen      total 34816K, used 2864K [0x00000007aab00000, 0x00000007af880000, 0x00000007c0000000)
  eden space 31744K, 0% used [0x00000007aab00000,0x00000007aab00000,0x00000007aca00000)
  from space 3072K, 93% used [0x00000007af580000,0x00000007af84c070,0x00000007af880000)
  to   space 10752K, 0% used [0x00000007ae380000,0x00000007ae380000,0x00000007aee00000)
 ParOldGen       total 44032K, used 18762K [0x0000000780000000, 0x0000000782b00000, 0x00000007aab00000)
  object space 44032K, 42% used [0x0000000780000000,0x0000000781252998,0x0000000782b00000)
 Metaspace       used 20892K, capacity 21077K, committed 21296K, reserved 1069056K
  class space    used 2039K, capacity 2111K, committed 2176K, reserved 1048576K
}
Event: 14.866 GC heap before
{Heap before GC invocations=7 (full 0):
 PSYoungGen      total 34816K, used 8547K [0x00000007aab00000, 0x00000007af880000, 0x00000007c0000000)
  eden space 31744K, 17% used [0x00000007aab00000,0x00000007ab08cc00,0x00000007aca00000)
  from space 3072K, 93% used [0x00000007af580000,0x00000007af84c070,0x00000007af880000)
  to   space 10752K, 0% used [0x00000007ae380000,0x00000007ae380000,0x00000007aee00000)
 ParOldGen       total 44032K, used 18762K [0x0000000780000000, 0x0000000782b00000, 0x00000007aab00000)
  object space 44032K, 42% used [0x0000000780000000,0x0000000781252998,0x0000000782b00000)
 Metaspace       used 20928K, capacity 21077K, committed 21296K, reserved 1069056K
  class space    used 2039K, capacity 2111K, committed 2176K, reserved 1048576K
Event: 14.876 GC heap after
Heap after GC invocations=7 (full 0):
 PSYoungGen      total 32768K, used 1696K [0x00000007aab00000, 0x00000007af600000, 0x00000007c0000000)
  eden space 30720K, 0% used [0x00000007aab00000,0x00000007aab00000,0x00000007ac900000)
  from space 2048K, 82% used [0x00000007ae380000,0x00000007ae528060,0x00000007ae580000)
  to   space 10752K, 0% used [0x00000007aeb80000,0x00000007aeb80000,0x00000007af600000)
 ParOldGen       total 44032K, used 19933K [0x0000000780000000, 0x0000000782b00000, 0x00000007aab00000)
  object space 44032K, 45% used [0x0000000780000000,0x00000007813777f0,0x0000000782b00000)
 Metaspace       used 20928K, capacity 21077K, committed 21296K, reserved 1069056K
  class space    used 2039K, capacity 2111K, committed 2176K, reserved 1048576K
}
Event: 14.876 GC heap before
{Heap before GC invocations=8 (full 1):
 PSYoungGen      total 32768K, used 1696K [0x00000007aab00000, 0x00000007af600000, 0x00000007c0000000)
  eden space 30720K, 0% used [0x00000007aab00000,0x00000007aab00000,0x00000007ac900000)
  from space 2048K, 82% used [0x00000007ae380000,0x00000007ae528060,0x00000007ae580000)
  to   space 10752K, 0% used [0x00000007aeb80000,0x00000007aeb80000,0x00000007af600000)
 ParOldGen       total 44032K, used 19933K [0x0000000780000000, 0x0000000782b00000, 0x00000007aab00000)
  object space 44032K, 45% used [0x0000000780000000,0x00000007813777f0,0x0000000782b00000)
 Metaspace       used 20928K, capacity 21077K, committed 21296K, reserved 1069056K
  class space    used 2039K, capacity 2111K, committed 2176K, reserved 1048576K
Event: 14.931 GC heap after
Heap after GC invocations=8 (full 1):
 PSYoungGen      total 32768K, used 0K [0x00000007aab00000, 0x00000007af600000, 0x00000007c0000000)
  eden space 30720K, 0% used [0x00000007aab00000,0x00000007aab00000,0x00000007ac900000)
  from space 2048K, 0% used [0x00000007ae380000,0x00000007ae380000,0x00000007ae580000)
  to   space 10752K, 0% used [0x00000007aeb80000,0x00000007aeb80000,0x00000007af600000)
 ParOldGen       total 44032K, used 15373K [0x0000000780000000, 0x0000000782b00000, 0x00000007aab00000)
  object space 44032K, 34% used [0x0000000780000000,0x0000000780f03628,0x0000000782b00000)
 Metaspace       used 20928K, capacity 21077K, committed 21296K, reserved 1069056K
  class space    used 2039K, capacity 2111K, committed 2176K, reserved 1048576K
}
Event: 21.208 GC heap before
{Heap before GC invocations=9 (full 1):
 PSYoungGen      total 32768K, used 30720K [0x00000007aab00000, 0x00000007af600000, 0x00000007c0000000)
  eden space 30720K, 100% used [0x00000007aab00000,0x00000007ac900000,0x00000007ac900000)
  from space 2048K, 0% used [0x00000007ae380000,0x00000007ae380000,0x00000007ae580000)
  to   space 10752K, 0% used [0x00000007aeb80000,0x00000007aeb80000,0x00000007af600000)
 ParOldGen       total 44032K, used 15373K [0x0000000780000000, 0x0000000782b00000, 0x00000007aab00000)
  object space 44032K, 34% used [0x0000000780000000,0x0000000780f03628,0x0000000782b00000)
 Metaspace       used 21002K, capacity 21205K, committed 21552K, reserved 1069056K
  class space    used 2052K, capacity 2111K, committed 2176K, reserved 1048576K
Event: 21.210 GC heap after
Heap after GC invocations=9 (full 1):
 PSYoungGen      total 58880K, used 128K [0x00000007aab00000, 0x00000007af300000, 0x00000007c0000000)
  eden space 51200K, 0% used [0x00000007aab00000,0x00000007aab00000,0x00000007add00000)
  from space 7680K, 1% used [0x00000007aeb80000,0x00000007aeba0000,0x00000007af300000)
  to   space 11264K, 0% used [0x00000007add00000,0x00000007add00000,0x00000007ae800000)
 ParOldGen       total 44032K, used 15381K [0x0000000780000000, 0x0000000782b00000, 0x00000007aab00000)
  object space 44032K, 34% used [0x0000000780000000,0x0000000780f05628,0x0000000782b00000)
 Metaspace       used 21002K, capacity 21205K, committed 21552K, reserved 1069056K
  class space    used 2052K, capacity 2111K, committed 2176K, reserved 1048576K
}

