# JRE version: Java(TM) SE Runtime Environment (8.0_102-b14) (build 1.8.0_102-b14)
# Java VM: Java HotSpot(TM) 64-Bit Server VM (25.102-b14 mixed mode bsd-amd64 compressed oops)
Heap:
 PSYoungGen      total 51712K, used 11685K [0x00000007aab00000, 0x00000007af500000, 0x00000007c0000000)
  eden space 51200K, 22% used [0x00000007aab00000,0x00000007ab651448,0x00000007add00000)
  from space 512K, 18% used [0x00000007af480000,0x00000007af498000,0x00000007af500000)
  to   space 11264K, 0% used [0x00000007adf00000,0x00000007adf00000,0x00000007aea00000)
 ParOldGen       total 46592K, used 16281K [0x0000000780000000, 0x0000000782d80000, 0x00000007aab00000)
  object space 46592K, 34% used [0x0000000780000000,0x0000000780fe6638,0x0000000782d80000)
 Metaspace       used 21068K, capacity 21295K, committed 21552K, reserved 1069056K
  class space    used 2052K, capacity 2142K, committed 2176K, reserved 1048576K
GC Heap History (10 events):
Event: 4.885 GC heap before
{Heap before GC invocations=5 (full 0):
 PSYoungGen      total 18944K, used 18903K [0x00000007aab00000, 0x00000007ad000000, 0x00000007c0000000)
  eden space 16384K, 99% used [0x00000007aab00000,0x00000007abafdea8,0x00000007abb00000)
  from space 2560K, 98% used [0x00000007abd80000,0x00000007abff8080,0x00000007ac000000)
  to   space 2560K, 0% used [0x00000007abb00000,0x00000007abb00000,0x00000007abd80000)
 ParOldGen       total 44032K, used 15852K [0x0000000780000000, 0x0000000782b00000, 0x00000007aab00000)
  object space 44032K, 36% used [0x0000000780000000,0x0000000780f7b3b0,0x0000000782b00000)
 Metaspace       used 20353K, capacity 20553K, committed 20864K, reserved 1069056K
  class space    used 2043K, capacity 2109K, committed 2176K, reserved 1048576K
Event: 4.894 GC heap after
Heap after GC invocations=5 (full 0):
 PSYoungGen      total 18944K, used 2544K [0x00000007aab00000, 0x00000007adf00000, 0x00000007c0000000)
  eden space 16384K, 0% used [0x00000007aab00000,0x00000007aab00000,0x00000007abb00000)
  from space 2560K, 99% used [0x00000007abb00000,0x00000007abd7c070,0x00000007abd80000)
  to   space 10240K, 0% used [0x00000007ad500000,0x00000007ad500000,0x00000007adf00000)
 ParOldGen       total 44032K, used 19179K [0x0000000780000000, 0x0000000782b00000, 0x00000007aab00000)
  object space 44032K, 43% used [0x0000000780000000,0x00000007812bae90,0x0000000782b00000)
 Metaspace       used 20353K, capacity 20553K, committed 20864K, reserved 1069056K
  class space    used 2043K, capacity 2109K, committed 2176K, reserved 1048576K
}
Event: 6.738 GC heap before
{Heap before GC invocations=6 (full 0):
 PSYoungGen      total 18944K, used 18928K [0x00000007aab00000, 0x00000007adf00000, 0x00000007c0000000)
  eden space 16384K, 100% used [0x00000007aab00000,0x00000007abb00000,0x00000007abb00000)
  from space 2560K, 99% used [0x00000007abb00000,0x00000007abd7c070,0x00000007abd80000)
  to   space 10240K, 0% used [0x00000007ad500000,0x00000007ad500000,0x00000007adf00000)
 ParOldGen       total 44032K, used 19179K [0x0000000780000000, 0x0000000782b00000, 0x00000007aab00000)
  object space 44032K, 43% used [0x0000000780000000,0x00000007812bae90,0x0000000782b00000)
 Metaspace       used 20655K, capacity 20815K, committed 21120K, reserved 1069056K
  class space    used 2043K, capacity 2110K, committed 2176K, reserved 1048576K
Event: 6.748 GC heap after
Heap after GC invocations=6 (full 0):
 PSYoungGen      total 42496K, used 2864K [0x00000007aab00000, 0x00000007ae000000, 0x00000007c0000000)
  eden space 32256K, 0% used [0x00000007aab00000,0x00000007aab00000,0x00000007aca80000)
  from space 10240K, 27% used [0x00000007ad500000,0x00000007ad7cc080,0x00000007adf00000)
  to   space 10752K, 0% used [0x00000007aca80000,0x00000007aca80000,0x00000007ad500000)
 ParOldGen       total 44032K, used 19187K [0x0000000780000000, 0x0000000782b00000, 0x00000007aab00000)
  object space 44032K, 43% used [0x0000000780000000,0x00000007812bce90,0x0000000782b00000)
 Metaspace       used 20655K, capacity 20815K, committed 21120K, reserved 1069056K
  class space    used 2043K, capacity 2110K, committed 2176K, reserved 1048576K
}
Event: 9.226 GC heap before
{Heap before GC invocations=7 (full 0):
 PSYoungGen      total 42496K, used 22329K [0x00000007aab00000, 0x00000007ae000000, 0x00000007c0000000)
  eden space 32256K, 60% used [0x00000007aab00000,0x00000007abe02630,0x00000007aca80000)
  from space 10240K, 27% used [0x00000007ad500000,0x00000007ad7cc080,0x00000007adf00000)
  to   space 10752K, 0% used [0x00000007aca80000,0x00000007aca80000,0x00000007ad500000)
 ParOldGen       total 44032K, used 19187K [0x0000000780000000, 0x0000000782b00000, 0x00000007aab00000)
  object space 44032K, 43% used [0x0000000780000000,0x00000007812bce90,0x0000000782b00000)
 Metaspace       used 20885K, capacity 21071K, committed 21296K, reserved 1069056K
  class space    used 2044K, capacity 2110K, committed 2176K, reserved 1048576K
Event: 9.240 GC heap after
Heap after GC invocations=7 (full 0):
 PSYoungGen      total 43008K, used 1504K [0x00000007aab00000, 0x00000007aff00000, 0x00000007c0000000)
  eden space 32256K, 0% used [0x00000007aab00000,0x00000007aab00000,0x00000007aca80000)
  from space 10752K, 13% used [0x00000007aca80000,0x00000007acbf8050,0x00000007ad500000)
  to   space 10752K, 0% used [0x00000007af480000,0x00000007af480000,0x00000007aff00000)
 ParOldGen       total 44032K, used 20649K [0x0000000780000000, 0x0000000782b00000, 0x00000007aab00000)
  object space 44032K, 46% used [0x0000000780000000,0x000000078142a668,0x0000000782b00000)
 Metaspace       used 20885K, capacity 21071K, committed 21296K, reserved 1069056K
  class space    used 2044K, capacity 2110K, committed 2176K, reserved 1048576K
}
Event: 9.240 GC heap before
{Heap before GC invocations=8 (full 1):
 PSYoungGen      total 43008K, used 1504K [0x00000007aab00000, 0x00000007aff00000, 0x00000007c0000000)
  eden space 32256K, 0% used [0x00000007aab00000,0x00000007aab00000,0x00000007aca80000)
  from space 10752K, 13% used [0x00000007aca80000,0x00000007acbf8050,0x00000007ad500000)
  to   space 10752K, 0% used [0x00000007af480000,0x00000007af480000,0x00000007aff00000)
 ParOldGen       total 44032K, used 20649K [0x0000000780000000, 0x0000000782b00000, 0x00000007aab00000)
  object space 44032K, 46% used [0x0000000780000000,0x000000078142a668,0x0000000782b00000)
 Metaspace       used 20885K, capacity 21071K, committed 21296K, reserved 1069056K
  class space    used 2044K, capacity 2110K, committed 2176K, reserved 1048576K
Event: 9.301 GC heap after
Heap after GC invocations=8 (full 1):
 PSYoungGen      total 43008K, used 0K [0x00000007aab00000, 0x00000007aff00000, 0x00000007c0000000)
  eden space 32256K, 0% used [0x00000007aab00000,0x00000007aab00000,0x00000007aca80000)
  from space 10752K, 0% used [0x00000007aca80000,0x00000007aca80000,0x00000007ad500000)
  to   space 10752K, 0% used [0x00000007af480000,0x00000007af480000,0x00000007aff00000)
 ParOldGen       total 46592K, used 16273K [0x0000000780000000, 0x0000000782d80000, 0x00000007aab00000)
  object space 46592K, 34% used [0x0000000780000000,0x0000000780fe4638,0x0000000782d80000)
 Metaspace       used 20885K, capacity 21071K, committed 21296K, reserved 1069056K
  class space    used 2044K, capacity 2110K, committed 2176K, reserved 1048576K
}
Event: 13.235 GC heap before
{Heap before GC invocations=9 (full 1):
 PSYoungGen      total 43008K, used 32256K [0x00000007aab00000, 0x00000007aff00000, 0x00000007c0000000)
  eden space 32256K, 100% used [0x00000007aab00000,0x00000007aca80000,0x00000007aca80000)
  from space 10752K, 0% used [0x00000007aca80000,0x00000007aca80000,0x00000007ad500000)
  to   space 10752K, 0% used [0x00000007af480000,0x00000007af480000,0x00000007aff00000)
 ParOldGen       total 46592K, used 16273K [0x0000000780000000, 0x0000000782d80000, 0x00000007aab00000)
  object space 46592K, 34% used [0x0000000780000000,0x0000000780fe4638,0x0000000782d80000)
 Metaspace       used 20963K, capacity 21135K, committed 21552K, reserved 1069056K
  class space    used 2044K, capacity 2110K, committed 2176K, reserved 1048576K
Event: 13.237 GC heap after
Heap after GC invocations=9 (full 1):
 PSYoungGen      total 51712K, used 96K [0x00000007aab00000, 0x00000007af500000, 0x00000007c0000000)
  eden space 51200K, 0% used [0x00000007aab00000,0x00000007aab00000,0x00000007add00000)
  from space 512K, 18% used [0x00000007af480000,0x00000007af498000,0x00000007af500000)
  to   space 11264K, 0% used [0x00000007adf00000,0x00000007adf00000,0x00000007aea00000)
 ParOldGen       total 46592K, used 16281K [0x0000000780000000, 0x0000000782d80000, 0x00000007aab00000)
  object space 46592K, 34% used [0x0000000780000000,0x0000000780fe6638,0x0000000782d80000)
 Metaspace       used 20963K, capacity 21135K, committed 21552K, reserved 1069056K
  class space    used 2044K, capacity 2110K, committed 2176K, reserved 1048576K
}

