# JRE version: Java(TM) SE Runtime Environment (8.0_102-b14) (build 1.8.0_102-b14)
# Java VM: Java HotSpot(TM) 64-Bit Server VM (25.102-b14 mixed mode bsd-amd64 compressed oops)
Heap:
 PSYoungGen      total 40448K, used 35200K [0x00000007aab00000, 0x00000007ae400000, 0x00000007c0000000)
  eden space 39936K, 87% used [0x00000007aab00000,0x00000007acd40278,0x00000007ad200000)
  from space 512K, 25% used [0x00000007ad300000,0x00000007ad320000,0x00000007ad380000)
  to   space 9216K, 0% used [0x00000007adb00000,0x00000007adb00000,0x00000007ae400000)
 ParOldGen       total 44544K, used 15387K [0x0000000780000000, 0x0000000782b80000, 0x00000007aab00000)
  object space 44544K, 34% used [0x0000000780000000,0x0000000780f06fa8,0x0000000782b80000)
 Metaspace       used 21020K, capacity 21211K, committed 21552K, reserved 1069056K
  class space    used 2052K, capacity 2112K, committed 2176K, reserved 1048576K
GC Heap History (10 events):
Event: 70.130 GC heap before
{Heap before GC invocations=14 (full 1):
 PSYoungGen      total 54272K, used 45152K [0x00000007aab00000, 0x00000007aec00000, 0x00000007c0000000)
  eden space 45056K, 100% used [0x00000007aab00000,0x00000007ad700000,0x00000007ad700000)
  from space 9216K, 1% used [0x00000007ae300000,0x00000007ae318000,0x00000007aec00000)
  to   space 10752K, 0% used [0x00000007ad700000,0x00000007ad700000,0x00000007ae180000)
 ParOldGen       total 44544K, used 15387K [0x0000000780000000, 0x0000000782b80000, 0x00000007aab00000)
  object space 44544K, 34% used [0x0000000780000000,0x0000000780f06fa8,0x0000000782b80000)
 Metaspace       used 20981K, capacity 21147K, committed 21552K, reserved 1069056K
  class space    used 2043K, capacity 2112K, committed 2176K, reserved 1048576K
Event: 70.132 GC heap after
Heap after GC invocations=14 (full 1):
 PSYoungGen      total 44544K, used 128K [0x00000007aab00000, 0x00000007aea00000, 0x00000007c0000000)
  eden space 44032K, 0% used [0x00000007aab00000,0x00000007aab00000,0x00000007ad600000)
  from space 512K, 25% used [0x00000007ad700000,0x00000007ad720000,0x00000007ad780000)
  to   space 10240K, 0% used [0x00000007ae000000,0x00000007ae000000,0x00000007aea00000)
 ParOldGen       total 44544K, used 15387K [0x0000000780000000, 0x0000000782b80000, 0x00000007aab00000)
  object space 44544K, 34% used [0x0000000780000000,0x0000000780f06fa8,0x0000000782b80000)
 Metaspace       used 20981K, capacity 21147K, committed 21552K, reserved 1069056K
  class space    used 2043K, capacity 2112K, committed 2176K, reserved 1048576K
}
Event: 79.282 GC heap before
{Heap before GC invocations=15 (full 1):
 PSYoungGen      total 44544K, used 44160K [0x00000007aab00000, 0x00000007aea00000, 0x00000007c0000000)
  eden space 44032K, 100% used [0x00000007aab00000,0x00000007ad600000,0x00000007ad600000)
  from space 512K, 25% used [0x00000007ad700000,0x00000007ad720000,0x00000007ad780000)
  to   space 10240K, 0% used [0x00000007ae000000,0x00000007ae000000,0x00000007aea00000)
 ParOldGen       total 44544K, used 15387K [0x0000000780000000, 0x0000000782b80000, 0x00000007aab00000)
  object space 44544K, 34% used [0x0000000780000000,0x0000000780f06fa8,0x0000000782b80000)
 Metaspace       used 20981K, capacity 21147K, committed 21552K, reserved 1069056K
  class space    used 2043K, capacity 2112K, committed 2176K, reserved 1048576K
Event: 79.284 GC heap after
Heap after GC invocations=15 (full 1):
 PSYoungGen      total 52224K, used 96K [0x00000007aab00000, 0x00000007ae900000, 0x00000007c0000000)
  eden space 43008K, 0% used [0x00000007aab00000,0x00000007aab00000,0x00000007ad500000)
  from space 9216K, 1% used [0x00000007ae000000,0x00000007ae018000,0x00000007ae900000)
  to   space 10240K, 0% used [0x00000007ad500000,0x00000007ad500000,0x00000007adf00000)
 ParOldGen       total 44544K, used 15387K [0x0000000780000000, 0x0000000782b80000, 0x00000007aab00000)
  object space 44544K, 34% used [0x0000000780000000,0x0000000780f06fa8,0x0000000782b80000)
 Metaspace       used 20981K, capacity 21147K, committed 21552K, reserved 1069056K
  class space    used 2043K, capacity 2112K, committed 2176K, reserved 1048576K
}
Event: 88.097 GC heap before
{Heap before GC invocations=16 (full 1):
 PSYoungGen      total 52224K, used 43104K [0x00000007aab00000, 0x00000007ae900000, 0x00000007c0000000)
  eden space 43008K, 100% used [0x00000007aab00000,0x00000007ad500000,0x00000007ad500000)
  from space 9216K, 1% used [0x00000007ae000000,0x00000007ae018000,0x00000007ae900000)
  to   space 10240K, 0% used [0x00000007ad500000,0x00000007ad500000,0x00000007adf00000)
 ParOldGen       total 44544K, used 15387K [0x0000000780000000, 0x0000000782b80000, 0x00000007aab00000)
  object space 44544K, 34% used [0x0000000780000000,0x0000000780f06fa8,0x0000000782b80000)
 Metaspace       used 20981K, capacity 21147K, committed 21552K, reserved 1069056K
  class space    used 2043K, capacity 2112K, committed 2176K, reserved 1048576K
Event: 88.108 GC heap after
Heap after GC invocations=16 (full 1):
 PSYoungGen      total 42496K, used 64K [0x00000007aab00000, 0x00000007ae700000, 0x00000007c0000000)
  eden space 41984K, 0% used [0x00000007aab00000,0x00000007aab00000,0x00000007ad400000)
  from space 512K, 12% used [0x00000007ad500000,0x00000007ad510000,0x00000007ad580000)
  to   space 9728K, 0% used [0x00000007add80000,0x00000007add80000,0x00000007ae700000)
 ParOldGen       total 44544K, used 15387K [0x0000000780000000, 0x0000000782b80000, 0x00000007aab00000)
  object space 44544K, 34% used [0x0000000780000000,0x0000000780f06fa8,0x0000000782b80000)
 Metaspace       used 20981K, capacity 21147K, committed 21552K, reserved 1069056K
  class space    used 2043K, capacity 2112K, committed 2176K, reserved 1048576K
}
Event: 96.849 GC heap before
{Heap before GC invocations=17 (full 1):
 PSYoungGen      total 42496K, used 42048K [0x00000007aab00000, 0x00000007ae700000, 0x00000007c0000000)
  eden space 41984K, 100% used [0x00000007aab00000,0x00000007ad400000,0x00000007ad400000)
  from space 512K, 12% used [0x00000007ad500000,0x00000007ad510000,0x00000007ad580000)
  to   space 9728K, 0% used [0x00000007add80000,0x00000007add80000,0x00000007ae700000)
 ParOldGen       total 44544K, used 15387K [0x0000000780000000, 0x0000000782b80000, 0x00000007aab00000)
  object space 44544K, 34% used [0x0000000780000000,0x0000000780f06fa8,0x0000000782b80000)
 Metaspace       used 20981K, capacity 21147K, committed 21552K, reserved 1069056K
  class space    used 2044K, capacity 2112K, committed 2176K, reserved 1048576K
Event: 96.854 GC heap after
Heap after GC invocations=17 (full 1):
 PSYoungGen      total 48640K, used 96K [0x00000007aab00000, 0x00000007ae500000, 0x00000007c0000000)
  eden space 40960K, 0% used [0x00000007aab00000,0x00000007aab00000,0x00000007ad300000)
  from space 7680K, 1% used [0x00000007add80000,0x00000007add98000,0x00000007ae500000)
  to   space 9216K, 0% used [0x00000007ad300000,0x00000007ad300000,0x00000007adc00000)
 ParOldGen       total 44544K, used 15387K [0x0000000780000000, 0x0000000782b80000, 0x00000007aab00000)
  object space 44544K, 34% used [0x0000000780000000,0x0000000780f06fa8,0x0000000782b80000)
 Metaspace       used 20981K, capacity 21147K, committed 21552K, reserved 1069056K
  class space    used 2044K, capacity 2112K, committed 2176K, reserved 1048576K
}
Event: 105.185 GC heap before
{Heap before GC invocations=18 (full 1):
 PSYoungGen      total 48640K, used 41056K [0x00000007aab00000, 0x00000007ae500000, 0x00000007c0000000)
  eden space 40960K, 100% used [0x00000007aab00000,0x00000007ad300000,0x00000007ad300000)
  from space 7680K, 1% used [0x00000007add80000,0x00000007add98000,0x00000007ae500000)
  to   space 9216K, 0% used [0x00000007ad300000,0x00000007ad300000,0x00000007adc00000)
 ParOldGen       total 44544K, used 15387K [0x0000000780000000, 0x0000000782b80000, 0x00000007aab00000)
  object space 44544K, 34% used [0x0000000780000000,0x0000000780f06fa8,0x0000000782b80000)
 Metaspace       used 20981K, capacity 21147K, committed 21552K, reserved 1069056K
  class space    used 2044K, capacity 2112K, committed 2176K, reserved 1048576K
Event: 105.190 GC heap after
Heap after GC invocations=18 (full 1):
 PSYoungGen      total 40448K, used 128K [0x00000007aab00000, 0x00000007ae400000, 0x00000007c0000000)
  eden space 39936K, 0% used [0x00000007aab00000,0x00000007aab00000,0x00000007ad200000)
  from space 512K, 25% used [0x00000007ad300000,0x00000007ad320000,0x00000007ad380000)
  to   space 9216K, 0% used [0x00000007adb00000,0x00000007adb00000,0x00000007ae400000)
 ParOldGen       total 44544K, used 15387K [0x0000000780000000, 0x0000000782b80000, 0x00000007aab00000)
  object space 44544K, 34% used [0x0000000780000000,0x0000000780f06fa8,0x0000000782b80000)
 Metaspace       used 20981K, capacity 21147K, committed 21552K, reserved 1069056K
  class space    used 2044K, capacity 2112K, committed 2176K, reserved 1048576K
}

