# JRE version: Java(TM) SE Runtime Environment (8.0_102-b14) (build 1.8.0_102-b14)
# Java VM: Java HotSpot(TM) 64-Bit Server VM (25.102-b14 mixed mode bsd-amd64 compressed oops)
Heap:
 PSYoungGen      total 22016K, used 15136K [0x00000007aab00000, 0x00000007ac200000, 0x00000007c0000000)
  eden space 20480K, 69% used [0x00000007aab00000,0x00000007ab8d81b0,0x00000007abf00000)
  from space 1536K, 62% used [0x00000007ac080000,0x00000007ac170050,0x00000007ac200000)
  to   space 1536K, 0% used [0x00000007abf00000,0x00000007abf00000,0x00000007ac080000)
 ParOldGen       total 74240K, used 47848K [0x0000000780000000, 0x0000000784880000, 0x00000007aab00000)
  object space 74240K, 64% used [0x0000000780000000,0x0000000782eba308,0x0000000784880000)
 Metaspace       used 21430K, capacity 21595K, committed 21808K, reserved 1069056K
  class space    used 2052K, capacity 2112K, committed 2176K, reserved 1048576K
GC Heap History (10 events):
Event: 436.765 GC heap before
{Heap before GC invocations=88 (full 2):
 PSYoungGen      total 21504K, used 20544K [0x00000007aab00000, 0x00000007ac100000, 0x00000007c0000000)
  eden space 20480K, 100% used [0x00000007aab00000,0x00000007abf00000,0x00000007abf00000)
  from space 1024K, 6% used [0x00000007abf00000,0x00000007abf10000,0x00000007ac000000)
  to   space 1024K, 0% used [0x00000007ac000000,0x00000007ac000000,0x00000007ac100000)
 ParOldGen       total 74240K, used 46728K [0x0000000780000000, 0x0000000784880000, 0x00000007aab00000)
  object space 74240K, 62% used [0x0000000780000000,0x0000000782da2258,0x0000000784880000)
 Metaspace       used 21392K, capacity 21595K, committed 21808K, reserved 1069056K
  class space    used 2045K, capacity 2112K, committed 2176K, reserved 1048576K
Event: 436.767 GC heap after
Heap after GC invocations=88 (full 2):
 PSYoungGen      total 21504K, used 64K [0x00000007aab00000, 0x00000007ac100000, 0x00000007c0000000)
  eden space 20480K, 0% used [0x00000007aab00000,0x00000007aab00000,0x00000007abf00000)
  from space 1024K, 6% used [0x00000007ac000000,0x00000007ac010000,0x00000007ac100000)
  to   space 1024K, 0% used [0x00000007abf00000,0x00000007abf00000,0x00000007ac000000)
 ParOldGen       total 74240K, used 46728K [0x0000000780000000, 0x0000000784880000, 0x00000007aab00000)
  object space 74240K, 62% used [0x0000000780000000,0x0000000782da2258,0x0000000784880000)
 Metaspace       used 21392K, capacity 21595K, committed 21808K, reserved 1069056K
  class space    used 2045K, capacity 2112K, committed 2176K, reserved 1048576K
}
Event: 440.583 GC heap before
{Heap before GC invocations=89 (full 2):
 PSYoungGen      total 21504K, used 20544K [0x00000007aab00000, 0x00000007ac100000, 0x00000007c0000000)
  eden space 20480K, 100% used [0x00000007aab00000,0x00000007abf00000,0x00000007abf00000)
  from space 1024K, 6% used [0x00000007ac000000,0x00000007ac010000,0x00000007ac100000)
  to   space 1024K, 0% used [0x00000007abf00000,0x00000007abf00000,0x00000007ac000000)
 ParOldGen       total 74240K, used 46728K [0x0000000780000000, 0x0000000784880000, 0x00000007aab00000)
  object space 74240K, 62% used [0x0000000780000000,0x0000000782da2258,0x0000000784880000)
 Metaspace       used 21392K, capacity 21595K, committed 21808K, reserved 1069056K
  class space    used 2045K, capacity 2112K, committed 2176K, reserved 1048576K
Event: 440.586 GC heap after
Heap after GC invocations=89 (full 2):
 PSYoungGen      total 21504K, used 64K [0x00000007aab00000, 0x00000007ac100000, 0x00000007c0000000)
  eden space 20480K, 0% used [0x00000007aab00000,0x00000007aab00000,0x00000007abf00000)
  from space 1024K, 6% used [0x00000007abf00000,0x00000007abf10000,0x00000007ac000000)
  to   space 1024K, 0% used [0x00000007ac000000,0x00000007ac000000,0x00000007ac100000)
 ParOldGen       total 74240K, used 46728K [0x0000000780000000, 0x0000000784880000, 0x00000007aab00000)
  object space 74240K, 62% used [0x0000000780000000,0x0000000782da2258,0x0000000784880000)
 Metaspace       used 21392K, capacity 21595K, committed 21808K, reserved 1069056K
  class space    used 2045K, capacity 2112K, committed 2176K, reserved 1048576K
}
Event: 444.030 GC heap before
{Heap before GC invocations=90 (full 2):
 PSYoungGen      total 21504K, used 20544K [0x00000007aab00000, 0x00000007ac100000, 0x00000007c0000000)
  eden space 20480K, 100% used [0x00000007aab00000,0x00000007abf00000,0x00000007abf00000)
  from space 1024K, 6% used [0x00000007abf00000,0x00000007abf10000,0x00000007ac000000)
  to   space 1024K, 0% used [0x00000007ac000000,0x00000007ac000000,0x00000007ac100000)
 ParOldGen       total 74240K, used 46728K [0x0000000780000000, 0x0000000784880000, 0x00000007aab00000)
  object space 74240K, 62% used [0x0000000780000000,0x0000000782da2258,0x0000000784880000)
 Metaspace       used 21392K, capacity 21595K, committed 21808K, reserved 1069056K
  class space    used 2045K, capacity 2112K, committed 2176K, reserved 1048576K
Event: 444.035 GC heap after
Heap after GC invocations=90 (full 2):
 PSYoungGen      total 21504K, used 928K [0x00000007aab00000, 0x00000007ac100000, 0x00000007c0000000)
  eden space 20480K, 0% used [0x00000007aab00000,0x00000007aab00000,0x00000007abf00000)
  from space 1024K, 90% used [0x00000007ac000000,0x00000007ac0e8030,0x00000007ac100000)
  to   space 1024K, 0% used [0x00000007abf00000,0x00000007abf00000,0x00000007ac000000)
 ParOldGen       total 74240K, used 46984K [0x0000000780000000, 0x0000000784880000, 0x00000007aab00000)
  object space 74240K, 63% used [0x0000000780000000,0x0000000782de2268,0x0000000784880000)
 Metaspace       used 21392K, capacity 21595K, committed 21808K, reserved 1069056K
  class space    used 2045K, capacity 2112K, committed 2176K, reserved 1048576K
}
Event: 446.005 GC heap before
{Heap before GC invocations=91 (full 2):
 PSYoungGen      total 21504K, used 21408K [0x00000007aab00000, 0x00000007ac100000, 0x00000007c0000000)
  eden space 20480K, 100% used [0x00000007aab00000,0x00000007abf00000,0x00000007abf00000)
  from space 1024K, 90% used [0x00000007ac000000,0x00000007ac0e8030,0x00000007ac100000)
  to   space 1024K, 0% used [0x00000007abf00000,0x00000007abf00000,0x00000007ac000000)
 ParOldGen       total 74240K, used 46984K [0x0000000780000000, 0x0000000784880000, 0x00000007aab00000)
  object space 74240K, 63% used [0x0000000780000000,0x0000000782de2268,0x0000000784880000)
 Metaspace       used 21396K, capacity 21595K, committed 21808K, reserved 1069056K
  class space    used 2045K, capacity 2112K, committed 2176K, reserved 1048576K
Event: 446.008 GC heap after
Heap after GC invocations=91 (full 2):
 PSYoungGen      total 21504K, used 1008K [0x00000007aab00000, 0x00000007ac200000, 0x00000007c0000000)
  eden space 20480K, 0% used [0x00000007aab00000,0x00000007aab00000,0x00000007abf00000)
  from space 1024K, 98% used [0x00000007abf00000,0x00000007abffc040,0x00000007ac000000)
  to   space 1536K, 0% used [0x00000007ac080000,0x00000007ac080000,0x00000007ac200000)
 ParOldGen       total 74240K, used 47848K [0x0000000780000000, 0x0000000784880000, 0x00000007aab00000)
  object space 74240K, 64% used [0x0000000780000000,0x0000000782eba308,0x0000000784880000)
 Metaspace       used 21396K, capacity 21595K, committed 21808K, reserved 1069056K
  class space    used 2045K, capacity 2112K, committed 2176K, reserved 1048576K
}
Event: 449.861 GC heap before
{Heap before GC invocations=92 (full 2):
 PSYoungGen      total 21504K, used 21488K [0x00000007aab00000, 0x00000007ac200000, 0x00000007c0000000)
  eden space 20480K, 100% used [0x00000007aab00000,0x00000007abf00000,0x00000007abf00000)
  from space 1024K, 98% used [0x00000007abf00000,0x00000007abffc040,0x00000007ac000000)
  to   space 1536K, 0% used [0x00000007ac080000,0x00000007ac080000,0x00000007ac200000)
 ParOldGen       total 74240K, used 47848K [0x0000000780000000, 0x0000000784880000, 0x00000007aab00000)
  object space 74240K, 64% used [0x0000000780000000,0x0000000782eba308,0x0000000784880000)
 Metaspace       used 21396K, capacity 21595K, committed 21808K, reserved 1069056K
  class space    used 2045K, capacity 2112K, committed 2176K, reserved 1048576K
Event: 449.863 GC heap after
Heap after GC invocations=92 (full 2):
 PSYoungGen      total 22016K, used 960K [0x00000007aab00000, 0x00000007ac200000, 0x00000007c0000000)
  eden space 20480K, 0% used [0x00000007aab00000,0x00000007aab00000,0x00000007abf00000)
  from space 1536K, 62% used [0x00000007ac080000,0x00000007ac170050,0x00000007ac200000)
  to   space 1536K, 0% used [0x00000007abf00000,0x00000007abf00000,0x00000007ac080000)
 ParOldGen       total 74240K, used 47848K [0x0000000780000000, 0x0000000784880000, 0x00000007aab00000)
  object space 74240K, 64% used [0x0000000780000000,0x0000000782eba308,0x0000000784880000)
 Metaspace       used 21396K, capacity 21595K, committed 21808K, reserved 1069056K
  class space    used 2045K, capacity 2112K, committed 2176K, reserved 1048576K
}

