# JRE version: Java(TM) SE Runtime Environment (8.0_102-b14) (build 1.8.0_102-b14)
# Java VM: Java HotSpot(TM) 64-Bit Server VM (25.102-b14 mixed mode bsd-amd64 compressed oops)
Heap:
 PSYoungGen      total 42496K, used 6603K [0x00000007aab00000, 0x00000007ade00000, 0x00000007c0000000)
  eden space 32768K, 11% used [0x00000007aab00000,0x00000007aaed6f18,0x00000007acb00000)
  from space 9728K, 27% used [0x00000007ad480000,0x00000007ad71c070,0x00000007ade00000)
  to   space 9728K, 0% used [0x00000007acb00000,0x00000007acb00000,0x00000007ad480000)
 ParOldGen       total 44032K, used 17925K [0x0000000780000000, 0x0000000782b00000, 0x00000007aab00000)
  object space 44032K, 40% used [0x0000000780000000,0x00000007811817f0,0x0000000782b00000)
 Metaspace       used 20757K, capacity 20975K, committed 21120K, reserved 1069056K
  class space    used 2051K, capacity 2142K, committed 2176K, reserved 1048576K
GC Heap History (10 events):
Event: 3.091 GC heap before
{Heap before GC invocations=2 (full 0):
 PSYoungGen      total 18944K, used 18912K [0x00000007aab00000, 0x00000007ac000000, 0x00000007c0000000)
  eden space 16384K, 100% used [0x00000007aab00000,0x00000007abb00000,0x00000007abb00000)
  from space 2560K, 98% used [0x00000007abb00000,0x00000007abd78040,0x00000007abd80000)
  to   space 2560K, 0% used [0x00000007abd80000,0x00000007abd80000,0x00000007ac000000)
 ParOldGen       total 44032K, used 874K [0x0000000780000000, 0x0000000782b00000, 0x00000007aab00000)
  object space 44032K, 1% used [0x0000000780000000,0x00000007800daa58,0x0000000782b00000)
 Metaspace       used 16342K, capacity 16575K, committed 16896K, reserved 1064960K
  class space    used 1655K, capacity 1724K, committed 1792K, reserved 1048576K
Event: 3.101 GC heap after
Heap after GC invocations=2 (full 0):
 PSYoungGen      total 18944K, used 2528K [0x00000007aab00000, 0x00000007ac000000, 0x00000007c0000000)
  eden space 16384K, 0% used [0x00000007aab00000,0x00000007aab00000,0x00000007abb00000)
  from space 2560K, 98% used [0x00000007abd80000,0x00000007abff8020,0x00000007ac000000)
  to   space 2560K, 0% used [0x00000007abb00000,0x00000007abb00000,0x00000007abd80000)
 ParOldGen       total 44032K, used 2996K [0x0000000780000000, 0x0000000782b00000, 0x00000007aab00000)
  object space 44032K, 6% used [0x0000000780000000,0x00000007802ed188,0x0000000782b00000)
 Metaspace       used 16342K, capacity 16575K, committed 16896K, reserved 1064960K
  class space    used 1655K, capacity 1724K, committed 1792K, reserved 1048576K
}
Event: 4.140 GC heap before
{Heap before GC invocations=3 (full 0):
 PSYoungGen      total 18944K, used 18912K [0x00000007aab00000, 0x00000007ac000000, 0x00000007c0000000)
  eden space 16384K, 100% used [0x00000007aab00000,0x00000007abb00000,0x00000007abb00000)
  from space 2560K, 98% used [0x00000007abd80000,0x00000007abff8020,0x00000007ac000000)
  to   space 2560K, 0% used [0x00000007abb00000,0x00000007abb00000,0x00000007abd80000)
 ParOldGen       total 44032K, used 2996K [0x0000000780000000, 0x0000000782b00000, 0x00000007aab00000)
  object space 44032K, 6% used [0x0000000780000000,0x00000007802ed188,0x0000000782b00000)
 Metaspace       used 19571K, capacity 19807K, committed 20096K, reserved 1067008K
  class space    used 1986K, capacity 2076K, committed 2176K, reserved 1048576K
Event: 4.152 GC heap after
Heap after GC invocations=3 (full 0):
 PSYoungGen      total 18944K, used 2545K [0x00000007aab00000, 0x00000007ac000000, 0x00000007c0000000)
  eden space 16384K, 0% used [0x00000007aab00000,0x00000007aab00000,0x00000007abb00000)
  from space 2560K, 99% used [0x00000007abb00000,0x00000007abd7c7e0,0x00000007abd80000)
  to   space 2560K, 0% used [0x00000007abd80000,0x00000007abd80000,0x00000007ac000000)
 ParOldGen       total 44032K, used 11116K [0x0000000780000000, 0x0000000782b00000, 0x00000007aab00000)
  object space 44032K, 25% used [0x0000000780000000,0x0000000780adb340,0x0000000782b00000)
 Metaspace       used 19571K, capacity 19807K, committed 20096K, reserved 1067008K
  class space    used 1986K, capacity 2076K, committed 2176K, reserved 1048576K
}
Event: 4.770 GC heap before
{Heap before GC invocations=4 (full 0):
 PSYoungGen      total 18944K, used 18918K [0x00000007aab00000, 0x00000007ac000000, 0x00000007c0000000)
  eden space 16384K, 99% used [0x00000007aab00000,0x00000007abafd170,0x00000007abb00000)
  from space 2560K, 99% used [0x00000007abb00000,0x00000007abd7c7e0,0x00000007abd80000)
  to   space 2560K, 0% used [0x00000007abd80000,0x00000007abd80000,0x00000007ac000000)
 ParOldGen       total 44032K, used 11116K [0x0000000780000000, 0x0000000782b00000, 0x00000007aab00000)
  object space 44032K, 25% used [0x0000000780000000,0x0000000780adb340,0x0000000782b00000)
 Metaspace       used 20325K, capacity 20553K, committed 20864K, reserved 1069056K
  class space    used 2043K, capacity 2109K, committed 2176K, reserved 1048576K
Event: 4.780 GC heap after
Heap after GC invocations=4 (full 0):
 PSYoungGen      total 18944K, used 2529K [0x00000007aab00000, 0x00000007ad000000, 0x00000007c0000000)
  eden space 16384K, 0% used [0x00000007aab00000,0x00000007aab00000,0x00000007abb00000)
  from space 2560K, 98% used [0x00000007abd80000,0x00000007abff87a0,0x00000007ac000000)
  to   space 2560K, 0% used [0x00000007abb00000,0x00000007abb00000,0x00000007abd80000)
 ParOldGen       total 44032K, used 14599K [0x0000000780000000, 0x0000000782b00000, 0x00000007aab00000)
  object space 44032K, 33% used [0x0000000780000000,0x0000000780e41d60,0x0000000782b00000)
 Metaspace       used 20325K, capacity 20553K, committed 20864K, reserved 1069056K
  class space    used 2043K, capacity 2109K, committed 2176K, reserved 1048576K
}
Event: 4.964 GC heap before
{Heap before GC invocations=5 (full 0):
 PSYoungGen      total 18944K, used 18772K [0x00000007aab00000, 0x00000007ad000000, 0x00000007c0000000)
  eden space 16384K, 99% used [0x00000007aab00000,0x00000007abadc8b0,0x00000007abb00000)
  from space 2560K, 98% used [0x00000007abd80000,0x00000007abff87a0,0x00000007ac000000)
  to   space 2560K, 0% used [0x00000007abb00000,0x00000007abb00000,0x00000007abd80000)
 ParOldGen       total 44032K, used 14599K [0x0000000780000000, 0x0000000782b00000, 0x00000007aab00000)
  object space 44032K, 33% used [0x0000000780000000,0x0000000780e41d60,0x0000000782b00000)
 Metaspace       used 20366K, capacity 20553K, committed 20864K, reserved 1069056K
  class space    used 2043K, capacity 2109K, committed 2176K, reserved 1048576K
Event: 4.973 GC heap after
Heap after GC invocations=5 (full 0):
 PSYoungGen      total 18944K, used 2544K [0x00000007aab00000, 0x00000007ade00000, 0x00000007c0000000)
  eden space 16384K, 0% used [0x00000007aab00000,0x00000007aab00000,0x00000007abb00000)
  from space 2560K, 99% used [0x00000007abb00000,0x00000007abd7c070,0x00000007abd80000)
  to   space 9728K, 0% used [0x00000007ad480000,0x00000007ad480000,0x00000007ade00000)
 ParOldGen       total 44032K, used 17925K [0x0000000780000000, 0x0000000782b00000, 0x00000007aab00000)
  object space 44032K, 40% used [0x0000000780000000,0x00000007811817f0,0x0000000782b00000)
 Metaspace       used 20366K, capacity 20553K, committed 20864K, reserved 1069056K
  class space    used 2043K, capacity 2109K, committed 2176K, reserved 1048576K
}
Event: 6.730 GC heap before
{Heap before GC invocations=6 (full 0):
 PSYoungGen      total 18944K, used 18928K [0x00000007aab00000, 0x00000007ade00000, 0x00000007c0000000)
  eden space 16384K, 100% used [0x00000007aab00000,0x00000007abb00000,0x00000007abb00000)
  from space 2560K, 99% used [0x00000007abb00000,0x00000007abd7c070,0x00000007abd80000)
  to   space 9728K, 0% used [0x00000007ad480000,0x00000007ad480000,0x00000007ade00000)
 ParOldGen       total 44032K, used 17925K [0x0000000780000000, 0x0000000782b00000, 0x00000007aab00000)
  object space 44032K, 40% used [0x0000000780000000,0x00000007811817f0,0x0000000782b00000)
 Metaspace       used 20680K, capacity 20879K, committed 21120K, reserved 1069056K
  class space    used 2043K, capacity 2110K, committed 2176K, reserved 1048576K
Event: 6.742 GC heap after
Heap after GC invocations=6 (full 0):
 PSYoungGen      total 42496K, used 2672K [0x00000007aab00000, 0x00000007ade00000, 0x00000007c0000000)
  eden space 32768K, 0% used [0x00000007aab00000,0x00000007aab00000,0x00000007acb00000)
  from space 9728K, 27% used [0x00000007ad480000,0x00000007ad71c070,0x00000007ade00000)
  to   space 9728K, 0% used [0x00000007acb00000,0x00000007acb00000,0x00000007ad480000)
 ParOldGen       total 44032K, used 17925K [0x0000000780000000, 0x0000000782b00000, 0x00000007aab00000)
  object space 44032K, 40% used [0x0000000780000000,0x00000007811817f0,0x0000000782b00000)
 Metaspace       used 20680K, capacity 20879K, committed 21120K, reserved 1069056K
  class space    used 2043K, capacity 2110K, committed 2176K, reserved 1048576K
}

