# JRE version: Java(TM) SE Runtime Environment (8.0_102-b14) (build 1.8.0_102-b14)
# Java VM: Java HotSpot(TM) 64-Bit Server VM (25.102-b14 mixed mode bsd-amd64 compressed oops)
Heap:
 PSYoungGen      total 104448K, used 19457K [0x00000007aab00000, 0x00000007b2080000, 0x00000007c0000000)
  eden space 93696K, 16% used [0x00000007aab00000,0x00000007aba3fff8,0x00000007b0680000)
  from space 10752K, 35% used [0x00000007b1600000,0x00000007b19c0570,0x00000007b2080000)
  to   space 13312K, 0% used [0x00000007b0680000,0x00000007b0680000,0x00000007b1380000)
 ParOldGen       total 95744K, used 49688K [0x0000000780000000, 0x0000000785d80000, 0x00000007aab00000)
  object space 95744K, 51% used [0x0000000780000000,0x00000007830861e8,0x0000000785d80000)
 Metaspace       used 21381K, capacity 21595K, committed 21808K, reserved 1069056K
  class space    used 2051K, capacity 2112K, committed 2176K, reserved 1048576K
GC Heap History (10 events):
Event: 13.508 GC heap before
{Heap before GC invocations=10 (full 1):
 PSYoungGen      total 57344K, used 56750K [0x00000007aab00000, 0x00000007af200000, 0x00000007c0000000)
  eden space 51200K, 99% used [0x00000007aab00000,0x00000007adcdf9f0,0x00000007add00000)
  from space 6144K, 92% used [0x00000007aec00000,0x00000007af18c180,0x00000007af200000)
  to   space 10240K, 0% used [0x00000007ade00000,0x00000007ade00000,0x00000007ae800000)
 ParOldGen       total 50176K, used 18933K [0x0000000780000000, 0x0000000783100000, 0x00000007aab00000)
  object space 50176K, 37% used [0x0000000780000000,0x000000078127d7f0,0x0000000783100000)
 Metaspace       used 21048K, capacity 21211K, committed 21552K, reserved 1069056K
  class space    used 2043K, capacity 2112K, committed 2176K, reserved 1048576K
Event: 13.512 GC heap after
Heap after GC invocations=10 (full 1):
 PSYoungGen      total 62464K, used 10128K [0x00000007aab00000, 0x00000007b0700000, 0x00000007c0000000)
  eden space 52224K, 0% used [0x00000007aab00000,0x00000007aab00000,0x00000007ade00000)
  from space 10240K, 98% used [0x00000007ade00000,0x00000007ae7e42b0,0x00000007ae800000)
  to   space 11776K, 0% used [0x00000007afb80000,0x00000007afb80000,0x00000007b0700000)
 ParOldGen       total 50176K, used 21502K [0x0000000780000000, 0x0000000783100000, 0x00000007aab00000)
  object space 50176K, 42% used [0x0000000780000000,0x00000007814ff890,0x0000000783100000)
 Metaspace       used 21048K, capacity 21211K, committed 21552K, reserved 1069056K
  class space    used 2043K, capacity 2112K, committed 2176K, reserved 1048576K
}
Event: 15.010 GC heap before
{Heap before GC invocations=11 (full 1):
 PSYoungGen      total 62464K, used 62160K [0x00000007aab00000, 0x00000007b0700000, 0x00000007c0000000)
  eden space 52224K, 99% used [0x00000007aab00000,0x00000007addcfe40,0x00000007ade00000)
  from space 10240K, 98% used [0x00000007ade00000,0x00000007ae7e42b0,0x00000007ae800000)
  to   space 11776K, 0% used [0x00000007afb80000,0x00000007afb80000,0x00000007b0700000)
 ParOldGen       total 50176K, used 21502K [0x0000000780000000, 0x0000000783100000, 0x00000007aab00000)
  object space 50176K, 42% used [0x0000000780000000,0x00000007814ff890,0x0000000783100000)
 Metaspace       used 21101K, capacity 21275K, committed 21552K, reserved 1069056K
  class space    used 2043K, capacity 2112K, committed 2176K, reserved 1048576K
Event: 15.019 GC heap after
Heap after GC invocations=11 (full 1):
 PSYoungGen      total 80896K, used 11568K [0x00000007aab00000, 0x00000007b0b80000, 0x00000007c0000000)
  eden space 69120K, 0% used [0x00000007aab00000,0x00000007aab00000,0x00000007aee80000)
  from space 11776K, 98% used [0x00000007afb80000,0x00000007b06cc2f0,0x00000007b0700000)
  to   space 13312K, 0% used [0x00000007aee80000,0x00000007aee80000,0x00000007afb80000)
 ParOldGen       total 50176K, used 27054K [0x0000000780000000, 0x0000000783100000, 0x00000007aab00000)
  object space 50176K, 53% used [0x0000000780000000,0x0000000781a6baa0,0x0000000783100000)
 Metaspace       used 21101K, capacity 21275K, committed 21552K, reserved 1069056K
  class space    used 2043K, capacity 2112K, committed 2176K, reserved 1048576K
}
Event: 16.211 GC heap before
{Heap before GC invocations=12 (full 1):
 PSYoungGen      total 80896K, used 80636K [0x00000007aab00000, 0x00000007b0b80000, 0x00000007c0000000)
  eden space 69120K, 99% used [0x00000007aab00000,0x00000007aee72eb8,0x00000007aee80000)
  from space 11776K, 98% used [0x00000007afb80000,0x00000007b06cc2f0,0x00000007b0700000)
  to   space 13312K, 0% used [0x00000007aee80000,0x00000007aee80000,0x00000007afb80000)
 ParOldGen       total 50176K, used 27054K [0x0000000780000000, 0x0000000783100000, 0x00000007aab00000)
  object space 50176K, 53% used [0x0000000780000000,0x0000000781a6baa0,0x0000000783100000)
 Metaspace       used 21201K, capacity 21403K, committed 21808K, reserved 1069056K
  class space    used 2043K, capacity 2112K, committed 2176K, reserved 1048576K
Event: 16.221 GC heap after
Heap after GC invocations=12 (full 1):
 PSYoungGen      total 82432K, used 10960K [0x00000007aab00000, 0x00000007b2400000, 0x00000007c0000000)
  eden space 69120K, 0% used [0x00000007aab00000,0x00000007aab00000,0x00000007aee80000)
  from space 13312K, 82% used [0x00000007aee80000,0x00000007af9342b0,0x00000007afb80000)
  to   space 14336K, 0% used [0x00000007b1600000,0x00000007b1600000,0x00000007b2400000)
 ParOldGen       total 50176K, used 37455K [0x0000000780000000, 0x0000000783100000, 0x00000007aab00000)
  object space 50176K, 74% used [0x0000000780000000,0x0000000782493db0,0x0000000783100000)
 Metaspace       used 21201K, capacity 21403K, committed 21808K, reserved 1069056K
  class space    used 2043K, capacity 2112K, committed 2176K, reserved 1048576K
}
Event: 20.235 GC heap before
{Heap before GC invocations=13 (full 1):
 PSYoungGen      total 82432K, used 80080K [0x00000007aab00000, 0x00000007b2400000, 0x00000007c0000000)
  eden space 69120K, 100% used [0x00000007aab00000,0x00000007aee80000,0x00000007aee80000)
  from space 13312K, 82% used [0x00000007aee80000,0x00000007af9342b0,0x00000007afb80000)
  to   space 14336K, 0% used [0x00000007b1600000,0x00000007b1600000,0x00000007b2400000)
 ParOldGen       total 50176K, used 37455K [0x0000000780000000, 0x0000000783100000, 0x00000007aab00000)
  object space 50176K, 74% used [0x0000000780000000,0x0000000782493db0,0x0000000783100000)
 Metaspace       used 21315K, capacity 21467K, committed 21808K, reserved 1069056K
  class space    used 2043K, capacity 2112K, committed 2176K, reserved 1048576K
Event: 20.245 GC heap after
Heap after GC invocations=13 (full 1):
 PSYoungGen      total 104448K, used 7104K [0x00000007aab00000, 0x00000007b2080000, 0x00000007c0000000)
  eden space 93696K, 0% used [0x00000007aab00000,0x00000007aab00000,0x00000007b0680000)
  from space 10752K, 66% used [0x00000007b1600000,0x00000007b1cf01b0,0x00000007b2080000)
  to   space 13312K, 0% used [0x00000007b0680000,0x00000007b0680000,0x00000007b1380000)
 ParOldGen       total 50176K, used 47776K [0x0000000780000000, 0x0000000783100000, 0x00000007aab00000)
  object space 50176K, 95% used [0x0000000780000000,0x0000000782ea8060,0x0000000783100000)
 Metaspace       used 21315K, capacity 21467K, committed 21808K, reserved 1069056K
  class space    used 2043K, capacity 2112K, committed 2176K, reserved 1048576K
}
Event: 20.245 GC heap before
{Heap before GC invocations=14 (full 2):
 PSYoungGen      total 104448K, used 7104K [0x00000007aab00000, 0x00000007b2080000, 0x00000007c0000000)
  eden space 93696K, 0% used [0x00000007aab00000,0x00000007aab00000,0x00000007b0680000)
  from space 10752K, 66% used [0x00000007b1600000,0x00000007b1cf01b0,0x00000007b2080000)
  to   space 13312K, 0% used [0x00000007b0680000,0x00000007b0680000,0x00000007b1380000)
 ParOldGen       total 50176K, used 47776K [0x0000000780000000, 0x0000000783100000, 0x00000007aab00000)
  object space 50176K, 95% used [0x0000000780000000,0x0000000782ea8060,0x0000000783100000)
 Metaspace       used 21315K, capacity 21467K, committed 21808K, reserved 1069056K
  class space    used 2043K, capacity 2112K, committed 2176K, reserved 1048576K
Event: 20.304 GC heap after
Heap after GC invocations=14 (full 2):
 PSYoungGen      total 104448K, used 3841K [0x00000007aab00000, 0x00000007b2080000, 0x00000007c0000000)
  eden space 93696K, 0% used [0x00000007aab00000,0x00000007aab00000,0x00000007b0680000)
  from space 10752K, 35% used [0x00000007b1600000,0x00000007b19c0570,0x00000007b2080000)
  to   space 13312K, 0% used [0x00000007b0680000,0x00000007b0680000,0x00000007b1380000)
 ParOldGen       total 95744K, used 49688K [0x0000000780000000, 0x0000000785d80000, 0x00000007aab00000)
  object space 95744K, 51% used [0x0000000780000000,0x00000007830861e8,0x0000000785d80000)
 Metaspace       used 21315K, capacity 21467K, committed 21808K, reserved 1069056K
  class space    used 2043K, capacity 2112K, committed 2176K, reserved 1048576K
}

