# JRE version: Java(TM) SE Runtime Environment (8.0_102-b14) (build 1.8.0_102-b14)
# Java VM: Java HotSpot(TM) 64-Bit Server VM (25.102-b14 mixed mode bsd-amd64 compressed oops)
Heap:
 PSYoungGen      total 28672K, used 11594K [0x00000007aab00000, 0x00000007acd80000, 0x00000007c0000000)
  eden space 28160K, 40% used [0x00000007aab00000,0x00000007ab6429c8,0x00000007ac680000)
  from space 512K, 12% used [0x00000007ac700000,0x00000007ac710000,0x00000007ac780000)
  to   space 3584K, 0% used [0x00000007aca00000,0x00000007aca00000,0x00000007acd80000)
 ParOldGen       total 45568K, used 16135K [0x0000000780000000, 0x0000000782c80000, 0x00000007aab00000)
  object space 45568K, 35% used [0x0000000780000000,0x0000000780fc1ed0,0x0000000782c80000)
 Metaspace       used 21029K, capacity 21211K, committed 21552K, reserved 1069056K
  class space    used 2051K, capacity 2112K, committed 2176K, reserved 1048576K
GC Heap History (10 events):
Event: 196.463 GC heap before
{Heap before GC invocations=30 (full 1):
 PSYoungGen      total 34304K, used 30848K [0x00000007aab00000, 0x00000007ad200000, 0x00000007c0000000)
  eden space 30720K, 100% used [0x00000007aab00000,0x00000007ac900000,0x00000007ac900000)
  from space 3584K, 3% used [0x00000007ace80000,0x00000007acea0000,0x00000007ad200000)
  to   space 4608K, 0% used [0x00000007ac900000,0x00000007ac900000,0x00000007acd80000)
 ParOldGen       total 45568K, used 16039K [0x0000000780000000, 0x0000000782c80000, 0x00000007aab00000)
  object space 45568K, 35% used [0x0000000780000000,0x0000000780fa9ed0,0x0000000782c80000)
 Metaspace       used 20988K, capacity 21211K, committed 21552K, reserved 1069056K
  class space    used 2043K, capacity 2112K, committed 2176K, reserved 1048576K
Event: 196.464 GC heap after
Heap after GC invocations=30 (full 1):
 PSYoungGen      total 30720K, used 128K [0x00000007aab00000, 0x00000007ad180000, 0x00000007c0000000)
  eden space 30208K, 0% used [0x00000007aab00000,0x00000007aab00000,0x00000007ac880000)
  from space 512K, 25% used [0x00000007ac900000,0x00000007ac920000,0x00000007ac980000)
  to   space 4608K, 0% used [0x00000007acd00000,0x00000007acd00000,0x00000007ad180000)
 ParOldGen       total 45568K, used 16047K [0x0000000780000000, 0x0000000782c80000, 0x00000007aab00000)
  object space 45568K, 35% used [0x0000000780000000,0x0000000780fabed0,0x0000000782c80000)
 Metaspace       used 20988K, capacity 21211K, committed 21552K, reserved 1069056K
  class space    used 2043K, capacity 2112K, committed 2176K, reserved 1048576K
}
Event: 203.383 GC heap before
{Heap before GC invocations=31 (full 1):
 PSYoungGen      total 30720K, used 30336K [0x00000007aab00000, 0x00000007ad180000, 0x00000007c0000000)
  eden space 30208K, 100% used [0x00000007aab00000,0x00000007ac880000,0x00000007ac880000)
  from space 512K, 25% used [0x00000007ac900000,0x00000007ac920000,0x00000007ac980000)
  to   space 4608K, 0% used [0x00000007acd00000,0x00000007acd00000,0x00000007ad180000)
 ParOldGen       total 45568K, used 16047K [0x0000000780000000, 0x0000000782c80000, 0x00000007aab00000)
  object space 45568K, 35% used [0x0000000780000000,0x0000000780fabed0,0x0000000782c80000)
 Metaspace       used 20988K, capacity 21211K, committed 21552K, reserved 1069056K
  class space    used 2043K, capacity 2112K, committed 2176K, reserved 1048576K
Event: 203.395 GC heap after
Heap after GC invocations=31 (full 1):
 PSYoungGen      total 32768K, used 128K [0x00000007aab00000, 0x00000007ad000000, 0x00000007c0000000)
  eden space 29696K, 0% used [0x00000007aab00000,0x00000007aab00000,0x00000007ac800000)
  from space 3072K, 4% used [0x00000007acd00000,0x00000007acd20000,0x00000007ad000000)
  to   space 4096K, 0% used [0x00000007ac800000,0x00000007ac800000,0x00000007acc00000)
 ParOldGen       total 45568K, used 16071K [0x0000000780000000, 0x0000000782c80000, 0x00000007aab00000)
  object space 45568K, 35% used [0x0000000780000000,0x0000000780fb1ed0,0x0000000782c80000)
 Metaspace       used 20988K, capacity 21211K, committed 21552K, reserved 1069056K
  class space    used 2043K, capacity 2112K, committed 2176K, reserved 1048576K
}
Event: 210.113 GC heap before
{Heap before GC invocations=32 (full 1):
 PSYoungGen      total 32768K, used 29824K [0x00000007aab00000, 0x00000007ad000000, 0x00000007c0000000)
  eden space 29696K, 100% used [0x00000007aab00000,0x00000007ac800000,0x00000007ac800000)
  from space 3072K, 4% used [0x00000007acd00000,0x00000007acd20000,0x00000007ad000000)
  to   space 4096K, 0% used [0x00000007ac800000,0x00000007ac800000,0x00000007acc00000)
 ParOldGen       total 45568K, used 16071K [0x0000000780000000, 0x0000000782c80000, 0x00000007aab00000)
  object space 45568K, 35% used [0x0000000780000000,0x0000000780fb1ed0,0x0000000782c80000)
 Metaspace       used 20988K, capacity 21211K, committed 21552K, reserved 1069056K
  class space    used 2043K, capacity 2112K, committed 2176K, reserved 1048576K
Event: 210.115 GC heap after
Heap after GC invocations=32 (full 1):
 PSYoungGen      total 29696K, used 128K [0x00000007aab00000, 0x00000007acf80000, 0x00000007c0000000)
  eden space 29184K, 0% used [0x00000007aab00000,0x00000007aab00000,0x00000007ac780000)
  from space 512K, 25% used [0x00000007ac800000,0x00000007ac820000,0x00000007ac880000)
  to   space 4096K, 0% used [0x00000007acb80000,0x00000007acb80000,0x00000007acf80000)
 ParOldGen       total 45568K, used 16111K [0x0000000780000000, 0x0000000782c80000, 0x00000007aab00000)
  object space 45568K, 35% used [0x0000000780000000,0x0000000780fbbed0,0x0000000782c80000)
 Metaspace       used 20988K, capacity 21211K, committed 21552K, reserved 1069056K
  class space    used 2043K, capacity 2112K, committed 2176K, reserved 1048576K
}
Event: 216.614 GC heap before
{Heap before GC invocations=33 (full 1):
 PSYoungGen      total 29696K, used 29312K [0x00000007aab00000, 0x00000007acf80000, 0x00000007c0000000)
  eden space 29184K, 100% used [0x00000007aab00000,0x00000007ac780000,0x00000007ac780000)
  from space 512K, 25% used [0x00000007ac800000,0x00000007ac820000,0x00000007ac880000)
  to   space 4096K, 0% used [0x00000007acb80000,0x00000007acb80000,0x00000007acf80000)
 ParOldGen       total 45568K, used 16111K [0x0000000780000000, 0x0000000782c80000, 0x00000007aab00000)
  object space 45568K, 35% used [0x0000000780000000,0x0000000780fbbed0,0x0000000782c80000)
 Metaspace       used 20988K, capacity 21211K, committed 21552K, reserved 1069056K
  class space    used 2043K, capacity 2112K, committed 2176K, reserved 1048576K
Event: 216.617 GC heap after
Heap after GC invocations=33 (full 1):
 PSYoungGen      total 31232K, used 96K [0x00000007aab00000, 0x00000007ace00000, 0x00000007c0000000)
  eden space 28672K, 0% used [0x00000007aab00000,0x00000007aab00000,0x00000007ac700000)
  from space 2560K, 3% used [0x00000007acb80000,0x00000007acb98000,0x00000007ace00000)
  to   space 3584K, 0% used [0x00000007ac700000,0x00000007ac700000,0x00000007aca80000)
 ParOldGen       total 45568K, used 16127K [0x0000000780000000, 0x0000000782c80000, 0x00000007aab00000)
  object space 45568K, 35% used [0x0000000780000000,0x0000000780fbfed0,0x0000000782c80000)
 Metaspace       used 20988K, capacity 21211K, committed 21552K, reserved 1069056K
  class space    used 2043K, capacity 2112K, committed 2176K, reserved 1048576K
}
Event: 222.897 GC heap before
{Heap before GC invocations=34 (full 1):
 PSYoungGen      total 31232K, used 28768K [0x00000007aab00000, 0x00000007ace00000, 0x00000007c0000000)
  eden space 28672K, 100% used [0x00000007aab00000,0x00000007ac700000,0x00000007ac700000)
  from space 2560K, 3% used [0x00000007acb80000,0x00000007acb98000,0x00000007ace00000)
  to   space 3584K, 0% used [0x00000007ac700000,0x00000007ac700000,0x00000007aca80000)
 ParOldGen       total 45568K, used 16127K [0x0000000780000000, 0x0000000782c80000, 0x00000007aab00000)
  object space 45568K, 35% used [0x0000000780000000,0x0000000780fbfed0,0x0000000782c80000)
 Metaspace       used 20988K, capacity 21211K, committed 21552K, reserved 1069056K
  class space    used 2043K, capacity 2112K, committed 2176K, reserved 1048576K
Event: 222.909 GC heap after
Heap after GC invocations=34 (full 1):
 PSYoungGen      total 28672K, used 64K [0x00000007aab00000, 0x00000007acd80000, 0x00000007c0000000)
  eden space 28160K, 0% used [0x00000007aab00000,0x00000007aab00000,0x00000007ac680000)
  from space 512K, 12% used [0x00000007ac700000,0x00000007ac710000,0x00000007ac780000)
  to   space 3584K, 0% used [0x00000007aca00000,0x00000007aca00000,0x00000007acd80000)
 ParOldGen       total 45568K, used 16135K [0x0000000780000000, 0x0000000782c80000, 0x00000007aab00000)
  object space 45568K, 35% used [0x0000000780000000,0x0000000780fc1ed0,0x0000000782c80000)
 Metaspace       used 20988K, capacity 21211K, committed 21552K, reserved 1069056K
  class space    used 2043K, capacity 2112K, committed 2176K, reserved 1048576K
}

