# JRE version: Java(TM) SE Runtime Environment (8.0_102-b14) (build 1.8.0_102-b14)
# Java VM: Java HotSpot(TM) 64-Bit Server VM (25.102-b14 mixed mode bsd-amd64 compressed oops)
Heap:
 PSYoungGen      total 32256K, used 11696K [0x00000007aab00000, 0x00000007af600000, 0x00000007c0000000)
  eden space 30720K, 38% used [0x00000007aab00000,0x00000007ab66c1b0,0x00000007ac900000)
  from space 1536K, 0% used [0x00000007ae380000,0x00000007ae380000,0x00000007ae500000)
  to   space 11264K, 0% used [0x00000007aeb00000,0x00000007aeb00000,0x00000007af600000)
 ParOldGen       total 46592K, used 16144K [0x0000000780000000, 0x0000000782d80000, 0x00000007aab00000)
  object space 46592K, 34% used [0x0000000780000000,0x0000000780fc40d0,0x0000000782d80000)
 Metaspace       used 20987K, capacity 21141K, committed 21552K, reserved 1069056K
  class space    used 2050K, capacity 2111K, committed 2176K, reserved 1048576K
GC Heap History (10 events):
Event: 4.219 GC heap before
{Heap before GC invocations=4 (full 0):
 PSYoungGen      total 18944K, used 18912K [0x00000007aab00000, 0x00000007ad000000, 0x00000007c0000000)
  eden space 16384K, 100% used [0x00000007aab00000,0x00000007abb00000,0x00000007abb00000)
  from space 2560K, 98% used [0x00000007abb00000,0x00000007abd78060,0x00000007abd80000)
  to   space 2560K, 0% used [0x00000007acd80000,0x00000007acd80000,0x00000007ad000000)
 ParOldGen       total 44032K, used 7144K [0x0000000780000000, 0x0000000782b00000, 0x00000007aab00000)
  object space 44032K, 16% used [0x0000000780000000,0x00000007806fa0a8,0x0000000782b00000)
 Metaspace       used 19834K, capacity 20011K, committed 20352K, reserved 1067008K
  class space    used 2007K, capacity 2078K, committed 2176K, reserved 1048576K
Event: 4.233 GC heap after
Heap after GC invocations=4 (full 0):
 PSYoungGen      total 35328K, used 2544K [0x00000007aab00000, 0x00000007ad000000, 0x00000007c0000000)
  eden space 32768K, 0% used [0x00000007aab00000,0x00000007aab00000,0x00000007acb00000)
  from space 2560K, 99% used [0x00000007acd80000,0x00000007acffc030,0x00000007ad000000)
  to   space 2560K, 0% used [0x00000007acb00000,0x00000007acb00000,0x00000007acd80000)
 ParOldGen       total 44032K, used 15127K [0x0000000780000000, 0x0000000782b00000, 0x00000007aab00000)
  object space 44032K, 34% used [0x0000000780000000,0x0000000780ec5d50,0x0000000782b00000)
 Metaspace       used 19834K, capacity 20011K, committed 20352K, reserved 1067008K
  class space    used 2007K, capacity 2078K, committed 2176K, reserved 1048576K
}
Event: 5.532 GC heap before
{Heap before GC invocations=5 (full 0):
 PSYoungGen      total 35328K, used 35312K [0x00000007aab00000, 0x00000007ad000000, 0x00000007c0000000)
  eden space 32768K, 100% used [0x00000007aab00000,0x00000007acb00000,0x00000007acb00000)
  from space 2560K, 99% used [0x00000007acd80000,0x00000007acffc030,0x00000007ad000000)
  to   space 2560K, 0% used [0x00000007acb00000,0x00000007acb00000,0x00000007acd80000)
 ParOldGen       total 44032K, used 15127K [0x0000000780000000, 0x0000000782b00000, 0x00000007aab00000)
  object space 44032K, 34% used [0x0000000780000000,0x0000000780ec5d50,0x0000000782b00000)
 Metaspace       used 20516K, capacity 20693K, committed 20864K, reserved 1069056K
  class space    used 2042K, capacity 2111K, committed 2176K, reserved 1048576K
Event: 5.543 GC heap after
Heap after GC invocations=5 (full 0):
 PSYoungGen      total 35328K, used 2544K [0x00000007aab00000, 0x00000007b0000000, 0x00000007c0000000)
  eden space 32768K, 0% used [0x00000007aab00000,0x00000007aab00000,0x00000007acb00000)
  from space 2560K, 99% used [0x00000007acb00000,0x00000007acd7c030,0x00000007acd80000)
  to   space 10752K, 0% used [0x00000007af580000,0x00000007af580000,0x00000007b0000000)
 ParOldGen       total 44032K, used 19037K [0x0000000780000000, 0x0000000782b00000, 0x00000007aab00000)
  object space 44032K, 43% used [0x0000000780000000,0x00000007812975c8,0x0000000782b00000)
 Metaspace       used 20516K, capacity 20693K, committed 20864K, reserved 1069056K
  class space    used 2042K, capacity 2111K, committed 2176K, reserved 1048576K
}
Event: 10.248 GC heap before
{Heap before GC invocations=6 (full 0):
 PSYoungGen      total 35328K, used 35312K [0x00000007aab00000, 0x00000007b0000000, 0x00000007c0000000)
  eden space 32768K, 100% used [0x00000007aab00000,0x00000007acb00000,0x00000007acb00000)
  from space 2560K, 99% used [0x00000007acb00000,0x00000007acd7c030,0x00000007acd80000)
  to   space 10752K, 0% used [0x00000007af580000,0x00000007af580000,0x00000007b0000000)
 ParOldGen       total 44032K, used 19037K [0x0000000780000000, 0x0000000782b00000, 0x00000007aab00000)
  object space 44032K, 43% used [0x0000000780000000,0x00000007812975c8,0x0000000782b00000)
 Metaspace       used 20826K, capacity 21013K, committed 21296K, reserved 1069056K
  class space    used 2042K, capacity 2111K, committed 2176K, reserved 1048576K
Event: 10.260 GC heap after
Heap after GC invocations=6 (full 0):
 PSYoungGen      total 34816K, used 2672K [0x00000007aab00000, 0x00000007af880000, 0x00000007c0000000)
  eden space 31744K, 0% used [0x00000007aab00000,0x00000007aab00000,0x00000007aca00000)
  from space 3072K, 86% used [0x00000007af580000,0x00000007af81c030,0x00000007af880000)
  to   space 10752K, 0% used [0x00000007ae380000,0x00000007ae380000,0x00000007aee00000)
 ParOldGen       total 44032K, used 19045K [0x0000000780000000, 0x0000000782b00000, 0x00000007aab00000)
  object space 44032K, 43% used [0x0000000780000000,0x00000007812995c8,0x0000000782b00000)
 Metaspace       used 20826K, capacity 21013K, committed 21296K, reserved 1069056K
  class space    used 2042K, capacity 2111K, committed 2176K, reserved 1048576K
}
Event: 13.230 GC heap before
{Heap before GC invocations=7 (full 0):
 PSYoungGen      total 34816K, used 23158K [0x00000007aab00000, 0x00000007af880000, 0x00000007c0000000)
  eden space 31744K, 64% used [0x00000007aab00000,0x00000007abf018c8,0x00000007aca00000)
  from space 3072K, 86% used [0x00000007af580000,0x00000007af81c030,0x00000007af880000)
  to   space 10752K, 0% used [0x00000007ae380000,0x00000007ae380000,0x00000007aee00000)
 ParOldGen       total 44032K, used 19045K [0x0000000780000000, 0x0000000782b00000, 0x00000007aab00000)
  object space 44032K, 43% used [0x0000000780000000,0x00000007812995c8,0x0000000782b00000)
 Metaspace       used 20920K, capacity 21077K, committed 21296K, reserved 1069056K
  class space    used 2042K, capacity 2111K, committed 2176K, reserved 1048576K
Event: 13.242 GC heap after
Heap after GC invocations=7 (full 0):
 PSYoungGen      total 32256K, used 1120K [0x00000007aab00000, 0x00000007af600000, 0x00000007c0000000)
  eden space 30720K, 0% used [0x00000007aab00000,0x00000007aab00000,0x00000007ac900000)
  from space 1536K, 72% used [0x00000007ae380000,0x00000007ae498020,0x00000007ae500000)
  to   space 11264K, 0% used [0x00000007aeb00000,0x00000007aeb00000,0x00000007af600000)
 ParOldGen       total 44032K, used 20558K [0x0000000780000000, 0x0000000782b00000, 0x00000007aab00000)
  object space 44032K, 46% used [0x0000000780000000,0x00000007814139f0,0x0000000782b00000)
 Metaspace       used 20920K, capacity 21077K, committed 21296K, reserved 1069056K
  class space    used 2042K, capacity 2111K, committed 2176K, reserved 1048576K
}
Event: 13.242 GC heap before
{Heap before GC invocations=8 (full 1):
 PSYoungGen      total 32256K, used 1120K [0x00000007aab00000, 0x00000007af600000, 0x00000007c0000000)
  eden space 30720K, 0% used [0x00000007aab00000,0x00000007aab00000,0x00000007ac900000)
  from space 1536K, 72% used [0x00000007ae380000,0x00000007ae498020,0x00000007ae500000)
  to   space 11264K, 0% used [0x00000007aeb00000,0x00000007aeb00000,0x00000007af600000)
 ParOldGen       total 44032K, used 20558K [0x0000000780000000, 0x0000000782b00000, 0x00000007aab00000)
  object space 44032K, 46% used [0x0000000780000000,0x00000007814139f0,0x0000000782b00000)
 Metaspace       used 20920K, capacity 21077K, committed 21296K, reserved 1069056K
  class space    used 2042K, capacity 2111K, committed 2176K, reserved 1048576K
Event: 13.296 GC heap after
Heap after GC invocations=8 (full 1):
 PSYoungGen      total 32256K, used 0K [0x00000007aab00000, 0x00000007af600000, 0x00000007c0000000)
  eden space 30720K, 0% used [0x00000007aab00000,0x00000007aab00000,0x00000007ac900000)
  from space 1536K, 0% used [0x00000007ae380000,0x00000007ae380000,0x00000007ae500000)
  to   space 11264K, 0% used [0x00000007aeb00000,0x00000007aeb00000,0x00000007af600000)
 ParOldGen       total 46592K, used 16144K [0x0000000780000000, 0x0000000782d80000, 0x00000007aab00000)
  object space 46592K, 34% used [0x0000000780000000,0x0000000780fc40d0,0x0000000782d80000)
 Metaspace       used 20920K, capacity 21077K, committed 21296K, reserved 1069056K
  class space    used 2042K, capacity 2111K, committed 2176K, reserved 1048576K
}

