# JRE version: Java(TM) SE Runtime Environment (8.0_102-b14) (build 1.8.0_102-b14)
# Java VM: Java HotSpot(TM) 64-Bit Server VM (25.102-b14 mixed mode bsd-amd64 compressed oops)
Heap:
 PSYoungGen      total 36864K, used 7595K [0x00000007aab00000, 0x00000007ad900000, 0x00000007c0000000)
  eden space 31744K, 15% used [0x00000007aab00000,0x00000007aafc2d80,0x00000007aca00000)
  from space 5120K, 53% used [0x00000007ad400000,0x00000007ad6a80a0,0x00000007ad900000)
  to   space 7680K, 0% used [0x00000007aca00000,0x00000007aca00000,0x00000007ad180000)
 ParOldGen       total 86016K, used 58250K [0x0000000780000000, 0x0000000785400000, 0x00000007aab00000)
  object space 86016K, 67% used [0x0000000780000000,0x00000007838e2b40,0x0000000785400000)
 Metaspace       used 21016K, capacity 21259K, committed 21552K, reserved 1069056K
  class space    used 2029K, capacity 2110K, committed 2176K, reserved 1048576K
GC Heap History (10 events):
Event: 60.429 GC heap before
{Heap before GC invocations=34 (full 1):
 PSYoungGen      total 28672K, used 25013K [0x00000007aab00000, 0x00000007ace00000, 0x00000007c0000000)
  eden space 21504K, 98% used [0x00000007aab00000,0x00000007abfc55f8,0x00000007ac000000)
  from space 7168K, 52% used [0x00000007ac700000,0x00000007acaa80e0,0x00000007ace00000)
  to   space 7168K, 0% used [0x00000007ac000000,0x00000007ac000000,0x00000007ac700000)
 ParOldGen       total 59392K, used 45735K [0x0000000780000000, 0x0000000783a00000, 0x00000007aab00000)
  object space 59392K, 77% used [0x0000000780000000,0x0000000782ca9de0,0x0000000783a00000)
 Metaspace       used 20972K, capacity 21195K, committed 21552K, reserved 1069056K
  class space    used 2021K, capacity 2110K, committed 2176K, reserved 1048576K
Event: 60.435 GC heap after
Heap after GC invocations=34 (full 1):
 PSYoungGen      total 28672K, used 4560K [0x00000007aab00000, 0x00000007ad480000, 0x00000007c0000000)
  eden space 21504K, 0% used [0x00000007aab00000,0x00000007aab00000,0x00000007ac000000)
  from space 7168K, 63% used [0x00000007ac000000,0x00000007ac474120,0x00000007ac700000)
  to   space 7680K, 0% used [0x00000007acd00000,0x00000007acd00000,0x00000007ad480000)
 ParOldGen       total 59392K, used 48071K [0x0000000780000000, 0x0000000783a00000, 0x00000007aab00000)
  object space 59392K, 80% used [0x0000000780000000,0x0000000782ef1e70,0x0000000783a00000)
 Metaspace       used 20972K, capacity 21195K, committed 21552K, reserved 1069056K
  class space    used 2021K, capacity 2110K, committed 2176K, reserved 1048576K
}
Event: 60.906 GC heap before
{Heap before GC invocations=35 (full 1):
 PSYoungGen      total 28672K, used 26064K [0x00000007aab00000, 0x00000007ad480000, 0x00000007c0000000)
  eden space 21504K, 100% used [0x00000007aab00000,0x00000007ac000000,0x00000007ac000000)
  from space 7168K, 63% used [0x00000007ac000000,0x00000007ac474120,0x00000007ac700000)
  to   space 7680K, 0% used [0x00000007acd00000,0x00000007acd00000,0x00000007ad480000)
 ParOldGen       total 59392K, used 48072K [0x0000000780000000, 0x0000000783a00000, 0x00000007aab00000)
  object space 59392K, 80% used [0x0000000780000000,0x0000000782ef2280,0x0000000783a00000)
 Metaspace       used 20973K, capacity 21195K, committed 21552K, reserved 1069056K
  class space    used 2021K, capacity 2110K, committed 2176K, reserved 1048576K
Event: 60.912 GC heap after
Heap after GC invocations=35 (full 1):
 PSYoungGen      total 34816K, used 4800K [0x00000007aab00000, 0x00000007ad480000, 0x00000007c0000000)
  eden space 27136K, 0% used [0x00000007aab00000,0x00000007aab00000,0x00000007ac580000)
  from space 7680K, 62% used [0x00000007acd00000,0x00000007ad1b0120,0x00000007ad480000)
  to   space 7680K, 0% used [0x00000007ac580000,0x00000007ac580000,0x00000007acd00000)
 ParOldGen       total 59392K, used 51464K [0x0000000780000000, 0x0000000783a00000, 0x00000007aab00000)
  object space 59392K, 86% used [0x0000000780000000,0x0000000783242380,0x0000000783a00000)
 Metaspace       used 20973K, capacity 21195K, committed 21552K, reserved 1069056K
  class space    used 2021K, capacity 2110K, committed 2176K, reserved 1048576K
}
Event: 61.453 GC heap before
{Heap before GC invocations=36 (full 1):
 PSYoungGen      total 34816K, used 31936K [0x00000007aab00000, 0x00000007ad480000, 0x00000007c0000000)
  eden space 27136K, 100% used [0x00000007aab00000,0x00000007ac580000,0x00000007ac580000)
  from space 7680K, 62% used [0x00000007acd00000,0x00000007ad1b0120,0x00000007ad480000)
  to   space 7680K, 0% used [0x00000007ac580000,0x00000007ac580000,0x00000007acd00000)
 ParOldGen       total 59392K, used 51528K [0x0000000780000000, 0x0000000783a00000, 0x00000007aab00000)
  object space 59392K, 86% used [0x0000000780000000,0x0000000783252370,0x0000000783a00000)
 Metaspace       used 20978K, capacity 21195K, committed 21552K, reserved 1069056K
  class space    used 2021K, capacity 2110K, committed 2176K, reserved 1048576K
Event: 61.457 GC heap after
Heap after GC invocations=36 (full 1):
 PSYoungGen      total 34816K, used 5792K [0x00000007aab00000, 0x00000007adc00000, 0x00000007c0000000)
  eden space 27136K, 0% used [0x00000007aab00000,0x00000007aab00000,0x00000007ac580000)
  from space 7680K, 75% used [0x00000007ac580000,0x00000007acb28160,0x00000007acd00000)
  to   space 8192K, 0% used [0x00000007ad400000,0x00000007ad400000,0x00000007adc00000)
 ParOldGen       total 59392K, used 54633K [0x0000000780000000, 0x0000000783a00000, 0x00000007aab00000)
  object space 59392K, 91% used [0x0000000780000000,0x000000078355a430,0x0000000783a00000)
 Metaspace       used 20978K, capacity 21195K, committed 21552K, reserved 1069056K
  class space    used 2021K, capacity 2110K, committed 2176K, reserved 1048576K
}
Event: 61.457 GC heap before
{Heap before GC invocations=37 (full 2):
 PSYoungGen      total 34816K, used 5792K [0x00000007aab00000, 0x00000007adc00000, 0x00000007c0000000)
  eden space 27136K, 0% used [0x00000007aab00000,0x00000007aab00000,0x00000007ac580000)
  from space 7680K, 75% used [0x00000007ac580000,0x00000007acb28160,0x00000007acd00000)
  to   space 8192K, 0% used [0x00000007ad400000,0x00000007ad400000,0x00000007adc00000)
 ParOldGen       total 59392K, used 54633K [0x0000000780000000, 0x0000000783a00000, 0x00000007aab00000)
  object space 59392K, 91% used [0x0000000780000000,0x000000078355a430,0x0000000783a00000)
 Metaspace       used 20978K, capacity 21195K, committed 21552K, reserved 1069056K
  class space    used 2021K, capacity 2110K, committed 2176K, reserved 1048576K
Event: 61.487 GC heap after
Heap after GC invocations=37 (full 2):
 PSYoungGen      total 34816K, used 0K [0x00000007aab00000, 0x00000007adc00000, 0x00000007c0000000)
  eden space 27136K, 0% used [0x00000007aab00000,0x00000007aab00000,0x00000007ac580000)
  from space 7680K, 0% used [0x00000007ac580000,0x00000007ac580000,0x00000007acd00000)
  to   space 8192K, 0% used [0x00000007ad400000,0x00000007ad400000,0x00000007adc00000)
 ParOldGen       total 86016K, used 58242K [0x0000000780000000, 0x0000000785400000, 0x00000007aab00000)
  object space 86016K, 67% used [0x0000000780000000,0x00000007838e0b40,0x0000000785400000)
 Metaspace       used 20978K, capacity 21195K, committed 21552K, reserved 1069056K
  class space    used 2021K, capacity 2110K, committed 2176K, reserved 1048576K
}
Event: 64.529 GC heap before
{Heap before GC invocations=38 (full 2):
 PSYoungGen      total 34816K, used 27136K [0x00000007aab00000, 0x00000007adc00000, 0x00000007c0000000)
  eden space 27136K, 100% used [0x00000007aab00000,0x00000007ac580000,0x00000007ac580000)
  from space 7680K, 0% used [0x00000007ac580000,0x00000007ac580000,0x00000007acd00000)
  to   space 8192K, 0% used [0x00000007ad400000,0x00000007ad400000,0x00000007adc00000)
 ParOldGen       total 86016K, used 58242K [0x0000000780000000, 0x0000000785400000, 0x00000007aab00000)
  object space 86016K, 67% used [0x0000000780000000,0x00000007838e0b40,0x0000000785400000)
 Metaspace       used 20982K, capacity 21259K, committed 21552K, reserved 1069056K
  class space    used 2021K, capacity 2110K, committed 2176K, reserved 1048576K
Event: 64.534 GC heap after
Heap after GC invocations=38 (full 2):
 PSYoungGen      total 36864K, used 2720K [0x00000007aab00000, 0x00000007ad900000, 0x00000007c0000000)
  eden space 31744K, 0% used [0x00000007aab00000,0x00000007aab00000,0x00000007aca00000)
  from space 5120K, 53% used [0x00000007ad400000,0x00000007ad6a80a0,0x00000007ad900000)
  to   space 7680K, 0% used [0x00000007aca00000,0x00000007aca00000,0x00000007ad180000)
 ParOldGen       total 86016K, used 58250K [0x0000000780000000, 0x0000000785400000, 0x00000007aab00000)
  object space 86016K, 67% used [0x0000000780000000,0x00000007838e2b40,0x0000000785400000)
 Metaspace       used 20982K, capacity 21259K, committed 21552K, reserved 1069056K
  class space    used 2021K, capacity 2110K, committed 2176K, reserved 1048576K
}

