# JRE version: Java(TM) SE Runtime Environment (8.0_102-b14) (build 1.8.0_102-b14)
# Java VM: Java HotSpot(TM) 64-Bit Server VM (25.102-b14 mixed mode bsd-amd64 compressed oops)
Heap:
 PSYoungGen      total 282112K, used 194312K [0x00000007aab00000, 0x00000007bd600000, 0x00000007c0000000)
  eden space 265728K, 69% used [0x00000007aab00000,0x00000007b5e80168,0x00000007bae80000)
  from space 16384K, 64% used [0x00000007bc100000,0x00000007bcb42250,0x00000007bd100000)
  to   space 18944K, 0% used [0x00000007bae80000,0x00000007bae80000,0x00000007bc100000)
 ParOldGen       total 74240K, used 45514K [0x0000000780000000, 0x0000000784880000, 0x00000007aab00000)
  object space 74240K, 61% used [0x0000000780000000,0x0000000782c72a50,0x0000000784880000)
 Metaspace       used 19552K, capacity 19729K, committed 19968K, reserved 1067008K
  class space    used 1900K, capacity 1983K, committed 2048K, reserved 1048576K
GC Heap History (10 events):
Event: 33.068 GC heap before
{Heap before GC invocations=11 (full 0):
 PSYoungGen      total 116736K, used 110784K [0x00000007aab00000, 0x00000007b2a00000, 0x00000007c0000000)
  eden space 104448K, 100% used [0x00000007aab00000,0x00000007b1100000,0x00000007b1100000)
  from space 12288K, 51% used [0x00000007b1e00000,0x00000007b2430180,0x00000007b2a00000)
  to   space 12800K, 0% used [0x00000007b1100000,0x00000007b1100000,0x00000007b1d80000)
 ParOldGen       total 44032K, used 21387K [0x0000000780000000, 0x0000000782b00000, 0x00000007aab00000)
  object space 44032K, 48% used [0x0000000780000000,0x00000007814e2df8,0x0000000782b00000)
 Metaspace       used 19098K, capacity 19297K, committed 19456K, reserved 1067008K
  class space    used 1878K, capacity 1949K, committed 2048K, reserved 1048576K
Event: 33.074 GC heap after
Heap after GC invocations=11 (full 0):
 PSYoungGen      total 117248K, used 128K [0x00000007aab00000, 0x00000007b6880000, 0x00000007c0000000)
  eden space 104448K, 0% used [0x00000007aab00000,0x00000007aab00000,0x00000007b1100000)
  from space 12800K, 1% used [0x00000007b1100000,0x00000007b1120000,0x00000007b1d80000)
  to   space 13312K, 0% used [0x00000007b5b80000,0x00000007b5b80000,0x00000007b6880000)
 ParOldGen       total 44032K, used 27603K [0x0000000780000000, 0x0000000782b00000, 0x00000007aab00000)
  object space 44032K, 62% used [0x0000000780000000,0x0000000781af4f78,0x0000000782b00000)
 Metaspace       used 19098K, capacity 19297K, committed 19456K, reserved 1067008K
  class space    used 1878K, capacity 1949K, committed 2048K, reserved 1048576K
}
Event: 46.504 GC heap before
{Heap before GC invocations=12 (full 0):
 PSYoungGen      total 117248K, used 104576K [0x00000007aab00000, 0x00000007b6880000, 0x00000007c0000000)
  eden space 104448K, 100% used [0x00000007aab00000,0x00000007b1100000,0x00000007b1100000)
  from space 12800K, 1% used [0x00000007b1100000,0x00000007b1120000,0x00000007b1d80000)
  to   space 13312K, 0% used [0x00000007b5b80000,0x00000007b5b80000,0x00000007b6880000)
 ParOldGen       total 44032K, used 27603K [0x0000000780000000, 0x0000000782b00000, 0x00000007aab00000)
  object space 44032K, 62% used [0x0000000780000000,0x0000000781af4f78,0x0000000782b00000)
 Metaspace       used 19179K, capacity 19403K, committed 19712K, reserved 1067008K
  class space    used 1891K, capacity 1982K, committed 2048K, reserved 1048576K
Event: 46.510 GC heap after
Heap after GC invocations=12 (full 0):
 PSYoungGen      total 179712K, used 2816K [0x00000007aab00000, 0x00000007b6780000, 0x00000007c0000000)
  eden space 167424K, 0% used [0x00000007aab00000,0x00000007aab00000,0x00000007b4e80000)
  from space 12288K, 22% used [0x00000007b5b80000,0x00000007b5e400f0,0x00000007b6780000)
  to   space 12800K, 0% used [0x00000007b4e80000,0x00000007b4e80000,0x00000007b5b00000)
 ParOldGen       total 44032K, used 27635K [0x0000000780000000, 0x0000000782b00000, 0x00000007aab00000)
  object space 44032K, 62% used [0x0000000780000000,0x0000000781afcf78,0x0000000782b00000)
 Metaspace       used 19179K, capacity 19403K, committed 19712K, reserved 1067008K
  class space    used 1891K, capacity 1982K, committed 2048K, reserved 1048576K
}
Event: 56.051 GC heap before
{Heap before GC invocations=13 (full 0):
 PSYoungGen      total 179712K, used 170240K [0x00000007aab00000, 0x00000007b6780000, 0x00000007c0000000)
  eden space 167424K, 100% used [0x00000007aab00000,0x00000007b4e80000,0x00000007b4e80000)
  from space 12288K, 22% used [0x00000007b5b80000,0x00000007b5e400f0,0x00000007b6780000)
  to   space 12800K, 0% used [0x00000007b4e80000,0x00000007b4e80000,0x00000007b5b00000)
 ParOldGen       total 44032K, used 27635K [0x0000000780000000, 0x0000000782b00000, 0x00000007aab00000)
  object space 44032K, 62% used [0x0000000780000000,0x0000000781afcf78,0x0000000782b00000)
 Metaspace       used 19315K, capacity 19537K, committed 19712K, reserved 1067008K
  class space    used 1892K, capacity 1983K, committed 2048K, reserved 1048576K
Event: 56.063 GC heap after
Heap after GC invocations=13 (full 0):
 PSYoungGen      total 180224K, used 12768K [0x00000007aab00000, 0x00000007bd100000, 0x00000007c0000000)
  eden space 167424K, 0% used [0x00000007aab00000,0x00000007aab00000,0x00000007b4e80000)
  from space 12800K, 99% used [0x00000007b4e80000,0x00000007b5af8330,0x00000007b5b00000)
  to   space 16384K, 0% used [0x00000007bc100000,0x00000007bc100000,0x00000007bd100000)
 ParOldGen       total 44032K, used 30964K [0x0000000780000000, 0x0000000782b00000, 0x00000007aab00000)
  object space 44032K, 70% used [0x0000000780000000,0x0000000781e3d298,0x0000000782b00000)
 Metaspace       used 19315K, capacity 19537K, committed 19712K, reserved 1067008K
  class space    used 1892K, capacity 1983K, committed 2048K, reserved 1048576K
}
Event: 63.100 GC heap before
{Heap before GC invocations=14 (full 0):
 PSYoungGen      total 180224K, used 180109K [0x00000007aab00000, 0x00000007bd100000, 0x00000007c0000000)
  eden space 167424K, 99% used [0x00000007aab00000,0x00000007b4e6b408,0x00000007b4e80000)
  from space 12800K, 99% used [0x00000007b4e80000,0x00000007b5af8330,0x00000007b5b00000)
  to   space 16384K, 0% used [0x00000007bc100000,0x00000007bc100000,0x00000007bd100000)
 ParOldGen       total 44032K, used 30964K [0x0000000780000000, 0x0000000782b00000, 0x00000007aab00000)
  object space 44032K, 70% used [0x0000000780000000,0x0000000781e3d298,0x0000000782b00000)
 Metaspace       used 19400K, capacity 19601K, committed 19712K, reserved 1067008K
  class space    used 1892K, capacity 1983K, committed 2048K, reserved 1048576K
Event: 63.115 GC heap after
Heap after GC invocations=14 (full 0):
 PSYoungGen      total 282112K, used 16209K [0x00000007aab00000, 0x00000007bd600000, 0x00000007c0000000)
  eden space 265728K, 0% used [0x00000007aab00000,0x00000007aab00000,0x00000007bae80000)
  from space 16384K, 98% used [0x00000007bc100000,0x00000007bd0d4430,0x00000007bd100000)
  to   space 18944K, 0% used [0x00000007bae80000,0x00000007bae80000,0x00000007bc100000)
 ParOldGen       total 45568K, used 45469K [0x0000000780000000, 0x0000000782c80000, 0x00000007aab00000)
  object space 45568K, 99% used [0x0000000780000000,0x0000000782c676a8,0x0000000782c80000)
 Metaspace       used 19400K, capacity 19601K, committed 19712K, reserved 1067008K
  class space    used 1892K, capacity 1983K, committed 2048K, reserved 1048576K
}
Event: 63.115 GC heap before
{Heap before GC invocations=15 (full 1):
 PSYoungGen      total 282112K, used 16209K [0x00000007aab00000, 0x00000007bd600000, 0x00000007c0000000)
  eden space 265728K, 0% used [0x00000007aab00000,0x00000007aab00000,0x00000007bae80000)
  from space 16384K, 98% used [0x00000007bc100000,0x00000007bd0d4430,0x00000007bd100000)
  to   space 18944K, 0% used [0x00000007bae80000,0x00000007bae80000,0x00000007bc100000)
 ParOldGen       total 45568K, used 45469K [0x0000000780000000, 0x0000000782c80000, 0x00000007aab00000)
  object space 45568K, 99% used [0x0000000780000000,0x0000000782c676a8,0x0000000782c80000)
 Metaspace       used 19400K, capacity 19601K, committed 19712K, reserved 1067008K
  class space    used 1892K, capacity 1983K, committed 2048K, reserved 1048576K
Event: 63.180 GC heap after
Heap after GC invocations=15 (full 1):
 PSYoungGen      total 282112K, used 10504K [0x00000007aab00000, 0x00000007bd600000, 0x00000007c0000000)
  eden space 265728K, 0% used [0x00000007aab00000,0x00000007aab00000,0x00000007bae80000)
  from space 16384K, 64% used [0x00000007bc100000,0x00000007bcb42250,0x00000007bd100000)
  to   space 18944K, 0% used [0x00000007bae80000,0x00000007bae80000,0x00000007bc100000)
 ParOldGen       total 74240K, used 45514K [0x0000000780000000, 0x0000000784880000, 0x00000007aab00000)
  object space 74240K, 61% used [0x0000000780000000,0x0000000782c72a50,0x0000000784880000)
 Metaspace       used 19400K, capacity 19601K, committed 19712K, reserved 1067008K
  class space    used 1892K, capacity 1983K, committed 2048K, reserved 1048576K
}

