# JRE version: Java(TM) SE Runtime Environment (8.0_102-b14) (build 1.8.0_102-b14)
# Java VM: Java HotSpot(TM) 64-Bit Server VM (25.102-b14 mixed mode bsd-amd64 compressed oops)
Heap:
 PSYoungGen      total 57344K, used 41121K [0x00000007aab00000, 0x00000007b0180000, 0x00000007c0000000)
  eden space 56832K, 72% used [0x00000007aab00000,0x00000007ad3184e0,0x00000007ae280000)
  from space 512K, 12% used [0x00000007b0100000,0x00000007b0110000,0x00000007b0180000)
  to   space 11776K, 0% used [0x00000007aea80000,0x00000007aea80000,0x00000007af600000)
 ParOldGen       total 45568K, used 15380K [0x0000000780000000, 0x0000000782c80000, 0x00000007aab00000)
  object space 45568K, 33% used [0x0000000780000000,0x0000000780f052e0,0x0000000782c80000)
 Metaspace       used 20999K, capacity 21147K, committed 21552K, reserved 1069056K
  class space    used 2049K, capacity 2112K, committed 2176K, reserved 1048576K
GC Heap History (10 events):
Event: 23.839 GC heap before
{Heap before GC invocations=9 (full 1):
 PSYoungGen      total 67584K, used 55296K [0x00000007aab00000, 0x00000007b0100000, 0x00000007c0000000)
  eden space 55296K, 100% used [0x00000007aab00000,0x00000007ae100000,0x00000007ae100000)
  from space 12288K, 0% used [0x00000007ae100000,0x00000007ae100000,0x00000007aed00000)
  to   space 12288K, 0% used [0x00000007af500000,0x00000007af500000,0x00000007b0100000)
 ParOldGen       total 45568K, used 15308K [0x0000000780000000, 0x0000000782c80000, 0x00000007aab00000)
  object space 45568K, 33% used [0x0000000780000000,0x0000000780ef32e0,0x0000000782c80000)
 Metaspace       used 20962K, capacity 21141K, committed 21552K, reserved 1069056K
  class space    used 2041K, capacity 2111K, committed 2176K, reserved 1048576K
Event: 23.841 GC heap after
Heap after GC invocations=9 (full 1):
 PSYoungGen      total 75264K, used 128K [0x00000007aab00000, 0x00000007b1f80000, 0x00000007c0000000)
  eden space 62976K, 0% used [0x00000007aab00000,0x00000007aab00000,0x00000007ae880000)
  from space 12288K, 1% used [0x00000007af500000,0x00000007af520000,0x00000007b0100000)
  to   space 12800K, 0% used [0x00000007ae880000,0x00000007ae880000,0x00000007af500000)
 ParOldGen       total 45568K, used 15316K [0x0000000780000000, 0x0000000782c80000, 0x00000007aab00000)
  object space 45568K, 33% used [0x0000000780000000,0x0000000780ef52e0,0x0000000782c80000)
 Metaspace       used 20962K, capacity 21141K, committed 21552K, reserved 1069056K
  class space    used 2041K, capacity 2111K, committed 2176K, reserved 1048576K
}
Event: 36.790 GC heap before
{Heap before GC invocations=10 (full 1):
 PSYoungGen      total 75264K, used 63104K [0x00000007aab00000, 0x00000007b1f80000, 0x00000007c0000000)
  eden space 62976K, 100% used [0x00000007aab00000,0x00000007ae880000,0x00000007ae880000)
  from space 12288K, 1% used [0x00000007af500000,0x00000007af520000,0x00000007b0100000)
  to   space 12800K, 0% used [0x00000007ae880000,0x00000007ae880000,0x00000007af500000)
 ParOldGen       total 45568K, used 15316K [0x0000000780000000, 0x0000000782c80000, 0x00000007aab00000)
  object space 45568K, 33% used [0x0000000780000000,0x0000000780ef52e0,0x0000000782c80000)
 Metaspace       used 20962K, capacity 21141K, committed 21552K, reserved 1069056K
  class space    used 2041K, capacity 2111K, committed 2176K, reserved 1048576K
Event: 36.792 GC heap after
Heap after GC invocations=10 (full 1):
 PSYoungGen      total 75776K, used 128K [0x00000007aab00000, 0x00000007b1900000, 0x00000007c0000000)
  eden space 62976K, 0% used [0x00000007aab00000,0x00000007aab00000,0x00000007ae880000)
  from space 12800K, 1% used [0x00000007ae880000,0x00000007ae8a0000,0x00000007af500000)
  to   space 12800K, 0% used [0x00000007b0c80000,0x00000007b0c80000,0x00000007b1900000)
 ParOldGen       total 45568K, used 15324K [0x0000000780000000, 0x0000000782c80000, 0x00000007aab00000)
  object space 45568K, 33% used [0x0000000780000000,0x0000000780ef72e0,0x0000000782c80000)
 Metaspace       used 20962K, capacity 21141K, committed 21552K, reserved 1069056K
  class space    used 2041K, capacity 2111K, committed 2176K, reserved 1048576K
}
Event: 49.774 GC heap before
{Heap before GC invocations=11 (full 1):
 PSYoungGen      total 75776K, used 63104K [0x00000007aab00000, 0x00000007b1900000, 0x00000007c0000000)
  eden space 62976K, 100% used [0x00000007aab00000,0x00000007ae880000,0x00000007ae880000)
  from space 12800K, 1% used [0x00000007ae880000,0x00000007ae8a0000,0x00000007af500000)
  to   space 12800K, 0% used [0x00000007b0c80000,0x00000007b0c80000,0x00000007b1900000)
 ParOldGen       total 45568K, used 15324K [0x0000000780000000, 0x0000000782c80000, 0x00000007aab00000)
  object space 45568K, 33% used [0x0000000780000000,0x0000000780ef72e0,0x0000000782c80000)
 Metaspace       used 20962K, capacity 21141K, committed 21552K, reserved 1069056K
  class space    used 2041K, capacity 2111K, committed 2176K, reserved 1048576K
Event: 49.776 GC heap after
Heap after GC invocations=11 (full 1):
 PSYoungGen      total 61440K, used 128K [0x00000007aab00000, 0x00000007b0d00000, 0x00000007c0000000)
  eden space 60928K, 0% used [0x00000007aab00000,0x00000007aab00000,0x00000007ae680000)
  from space 512K, 25% used [0x00000007b0c80000,0x00000007b0ca0000,0x00000007b0d00000)
  to   space 12288K, 0% used [0x00000007af500000,0x00000007af500000,0x00000007b0100000)
 ParOldGen       total 45568K, used 15348K [0x0000000780000000, 0x0000000782c80000, 0x00000007aab00000)
  object space 45568K, 33% used [0x0000000780000000,0x0000000780efd2e0,0x0000000782c80000)
 Metaspace       used 20962K, capacity 21141K, committed 21552K, reserved 1069056K
  class space    used 2041K, capacity 2111K, committed 2176K, reserved 1048576K
}
Event: 62.355 GC heap before
{Heap before GC invocations=12 (full 1):
 PSYoungGen      total 61440K, used 61056K [0x00000007aab00000, 0x00000007b0d00000, 0x00000007c0000000)
  eden space 60928K, 100% used [0x00000007aab00000,0x00000007ae680000,0x00000007ae680000)
  from space 512K, 25% used [0x00000007b0c80000,0x00000007b0ca0000,0x00000007b0d00000)
  to   space 12288K, 0% used [0x00000007af500000,0x00000007af500000,0x00000007b0100000)
 ParOldGen       total 45568K, used 15348K [0x0000000780000000, 0x0000000782c80000, 0x00000007aab00000)
  object space 45568K, 33% used [0x0000000780000000,0x0000000780efd2e0,0x0000000782c80000)
 Metaspace       used 20962K, capacity 21141K, committed 21552K, reserved 1069056K
  class space    used 2041K, capacity 2111K, committed 2176K, reserved 1048576K
Event: 62.357 GC heap after
Heap after GC invocations=12 (full 1):
 PSYoungGen      total 71168K, used 128K [0x00000007aab00000, 0x00000007b0d00000, 0x00000007c0000000)
  eden space 58880K, 0% used [0x00000007aab00000,0x00000007aab00000,0x00000007ae480000)
  from space 12288K, 1% used [0x00000007af500000,0x00000007af520000,0x00000007b0100000)
  to   space 12288K, 0% used [0x00000007b0100000,0x00000007b0100000,0x00000007b0d00000)
 ParOldGen       total 45568K, used 15372K [0x0000000780000000, 0x0000000782c80000, 0x00000007aab00000)
  object space 45568K, 33% used [0x0000000780000000,0x0000000780f032e0,0x0000000782c80000)
 Metaspace       used 20962K, capacity 21141K, committed 21552K, reserved 1069056K
  class space    used 2041K, capacity 2111K, committed 2176K, reserved 1048576K
}
Event: 74.490 GC heap before
{Heap before GC invocations=13 (full 1):
 PSYoungGen      total 71168K, used 59008K [0x00000007aab00000, 0x00000007b0d00000, 0x00000007c0000000)
  eden space 58880K, 100% used [0x00000007aab00000,0x00000007ae480000,0x00000007ae480000)
  from space 12288K, 1% used [0x00000007af500000,0x00000007af520000,0x00000007b0100000)
  to   space 12288K, 0% used [0x00000007b0100000,0x00000007b0100000,0x00000007b0d00000)
 ParOldGen       total 45568K, used 15372K [0x0000000780000000, 0x0000000782c80000, 0x00000007aab00000)
  object space 45568K, 33% used [0x0000000780000000,0x0000000780f032e0,0x0000000782c80000)
 Metaspace       used 20962K, capacity 21141K, committed 21552K, reserved 1069056K
  class space    used 2041K, capacity 2111K, committed 2176K, reserved 1048576K
Event: 74.492 GC heap after
Heap after GC invocations=13 (full 1):
 PSYoungGen      total 57344K, used 64K [0x00000007aab00000, 0x00000007b0180000, 0x00000007c0000000)
  eden space 56832K, 0% used [0x00000007aab00000,0x00000007aab00000,0x00000007ae280000)
  from space 512K, 12% used [0x00000007b0100000,0x00000007b0110000,0x00000007b0180000)
  to   space 11776K, 0% used [0x00000007aea80000,0x00000007aea80000,0x00000007af600000)
 ParOldGen       total 45568K, used 15380K [0x0000000780000000, 0x0000000782c80000, 0x00000007aab00000)
  object space 45568K, 33% used [0x0000000780000000,0x0000000780f052e0,0x0000000782c80000)
 Metaspace       used 20962K, capacity 21141K, committed 21552K, reserved 1069056K
  class space    used 2041K, capacity 2111K, committed 2176K, reserved 1048576K
}

