# JRE version: Java(TM) SE Runtime Environment (8.0_102-b14) (build 1.8.0_102-b14)
# Java VM: Java HotSpot(TM) 64-Bit Server VM (25.102-b14 mixed mode bsd-amd64 compressed oops)
Heap:
 PSYoungGen      total 28672K, used 26353K [0x00000007aab00000, 0x00000007aca00000, 0x00000007c0000000)
  eden space 26624K, 98% used [0x00000007aab00000,0x00000007ac4ac768,0x00000007ac500000)
  from space 2048K, 3% used [0x00000007ac800000,0x00000007ac810000,0x00000007aca00000)
  to   space 2560K, 0% used [0x00000007ac500000,0x00000007ac500000,0x00000007ac780000)
 ParOldGen       total 46592K, used 16110K [0x0000000780000000, 0x0000000782d80000, 0x00000007aab00000)
  object space 46592K, 34% used [0x0000000780000000,0x0000000780fbbaf8,0x0000000782d80000)
 Metaspace       used 21038K, capacity 21211K, committed 21552K, reserved 1069056K
  class space    used 2051K, capacity 2112K, committed 2176K, reserved 1048576K
GC Heap History (10 events):
Event: 236.455 GC heap before
{Heap before GC invocations=35 (full 1):
 PSYoungGen      total 29696K, used 29280K [0x00000007aab00000, 0x00000007ace80000, 0x00000007c0000000)
  eden space 29184K, 100% used [0x00000007aab00000,0x00000007ac780000,0x00000007ac780000)
  from space 512K, 18% used [0x00000007ac800000,0x00000007ac818000,0x00000007ac880000)
  to   space 3584K, 0% used [0x00000007acb00000,0x00000007acb00000,0x00000007ace80000)
 ParOldGen       total 46592K, used 16110K [0x0000000780000000, 0x0000000782d80000, 0x00000007aab00000)
  object space 46592K, 34% used [0x0000000780000000,0x0000000780fbbaf8,0x0000000782d80000)
 Metaspace       used 20997K, capacity 21211K, committed 21552K, reserved 1069056K
  class space    used 2043K, capacity 2112K, committed 2176K, reserved 1048576K
Event: 236.457 GC heap after
Heap after GC invocations=35 (full 1):
 PSYoungGen      total 30720K, used 64K [0x00000007aab00000, 0x00000007acd00000, 0x00000007c0000000)
  eden space 28672K, 0% used [0x00000007aab00000,0x00000007aab00000,0x00000007ac700000)
  from space 2048K, 3% used [0x00000007acb00000,0x00000007acb10000,0x00000007acd00000)
  to   space 3072K, 0% used [0x00000007ac700000,0x00000007ac700000,0x00000007aca00000)
 ParOldGen       total 46592K, used 16110K [0x0000000780000000, 0x0000000782d80000, 0x00000007aab00000)
  object space 46592K, 34% used [0x0000000780000000,0x0000000780fbbaf8,0x0000000782d80000)
 Metaspace       used 20997K, capacity 21211K, committed 21552K, reserved 1069056K
  class space    used 2043K, capacity 2112K, committed 2176K, reserved 1048576K
}
Event: 242.407 GC heap before
{Heap before GC invocations=36 (full 1):
 PSYoungGen      total 30720K, used 28736K [0x00000007aab00000, 0x00000007acd00000, 0x00000007c0000000)
  eden space 28672K, 100% used [0x00000007aab00000,0x00000007ac700000,0x00000007ac700000)
  from space 2048K, 3% used [0x00000007acb00000,0x00000007acb10000,0x00000007acd00000)
  to   space 3072K, 0% used [0x00000007ac700000,0x00000007ac700000,0x00000007aca00000)
 ParOldGen       total 46592K, used 16110K [0x0000000780000000, 0x0000000782d80000, 0x00000007aab00000)
  object space 46592K, 34% used [0x0000000780000000,0x0000000780fbbaf8,0x0000000782d80000)
 Metaspace       used 20997K, capacity 21211K, committed 21552K, reserved 1069056K
  class space    used 2043K, capacity 2112K, committed 2176K, reserved 1048576K
Event: 242.408 GC heap after
Heap after GC invocations=36 (full 1):
 PSYoungGen      total 28672K, used 96K [0x00000007aab00000, 0x00000007acc80000, 0x00000007c0000000)
  eden space 28160K, 0% used [0x00000007aab00000,0x00000007aab00000,0x00000007ac680000)
  from space 512K, 18% used [0x00000007ac700000,0x00000007ac718000,0x00000007ac780000)
  to   space 3072K, 0% used [0x00000007ac980000,0x00000007ac980000,0x00000007acc80000)
 ParOldGen       total 46592K, used 16110K [0x0000000780000000, 0x0000000782d80000, 0x00000007aab00000)
  object space 46592K, 34% used [0x0000000780000000,0x0000000780fbbaf8,0x0000000782d80000)
 Metaspace       used 20997K, capacity 21211K, committed 21552K, reserved 1069056K
  class space    used 2043K, capacity 2112K, committed 2176K, reserved 1048576K
}
Event: 248.256 GC heap before
{Heap before GC invocations=37 (full 1):
 PSYoungGen      total 28672K, used 28256K [0x00000007aab00000, 0x00000007acc80000, 0x00000007c0000000)
  eden space 28160K, 100% used [0x00000007aab00000,0x00000007ac680000,0x00000007ac680000)
  from space 512K, 18% used [0x00000007ac700000,0x00000007ac718000,0x00000007ac780000)
  to   space 3072K, 0% used [0x00000007ac980000,0x00000007ac980000,0x00000007acc80000)
 ParOldGen       total 46592K, used 16110K [0x0000000780000000, 0x0000000782d80000, 0x00000007aab00000)
  object space 46592K, 34% used [0x0000000780000000,0x0000000780fbbaf8,0x0000000782d80000)
 Metaspace       used 20997K, capacity 21211K, committed 21552K, reserved 1069056K
  class space    used 2043K, capacity 2112K, committed 2176K, reserved 1048576K
Event: 248.258 GC heap after
Heap after GC invocations=37 (full 1):
 PSYoungGen      total 30208K, used 96K [0x00000007aab00000, 0x00000007acc00000, 0x00000007c0000000)
  eden space 27648K, 0% used [0x00000007aab00000,0x00000007aab00000,0x00000007ac600000)
  from space 2560K, 3% used [0x00000007ac980000,0x00000007ac998000,0x00000007acc00000)
  to   space 3072K, 0% used [0x00000007ac600000,0x00000007ac600000,0x00000007ac900000)
 ParOldGen       total 46592K, used 16110K [0x0000000780000000, 0x0000000782d80000, 0x00000007aab00000)
  object space 46592K, 34% used [0x0000000780000000,0x0000000780fbbaf8,0x0000000782d80000)
 Metaspace       used 20997K, capacity 21211K, committed 21552K, reserved 1069056K
  class space    used 2043K, capacity 2112K, committed 2176K, reserved 1048576K
}
Event: 254.006 GC heap before
{Heap before GC invocations=38 (full 1):
 PSYoungGen      total 30208K, used 27744K [0x00000007aab00000, 0x00000007acc00000, 0x00000007c0000000)
  eden space 27648K, 100% used [0x00000007aab00000,0x00000007ac600000,0x00000007ac600000)
  from space 2560K, 3% used [0x00000007ac980000,0x00000007ac998000,0x00000007acc00000)
  to   space 3072K, 0% used [0x00000007ac600000,0x00000007ac600000,0x00000007ac900000)
 ParOldGen       total 46592K, used 16110K [0x0000000780000000, 0x0000000782d80000, 0x00000007aab00000)
  object space 46592K, 34% used [0x0000000780000000,0x0000000780fbbaf8,0x0000000782d80000)
 Metaspace       used 20997K, capacity 21211K, committed 21552K, reserved 1069056K
  class space    used 2043K, capacity 2112K, committed 2176K, reserved 1048576K
Event: 254.008 GC heap after
Heap after GC invocations=38 (full 1):
 PSYoungGen      total 27648K, used 64K [0x00000007aab00000, 0x00000007aca80000, 0x00000007c0000000)
  eden space 27136K, 0% used [0x00000007aab00000,0x00000007aab00000,0x00000007ac580000)
  from space 512K, 12% used [0x00000007ac600000,0x00000007ac610000,0x00000007ac680000)
  to   space 2560K, 0% used [0x00000007ac800000,0x00000007ac800000,0x00000007aca80000)
 ParOldGen       total 46592K, used 16110K [0x0000000780000000, 0x0000000782d80000, 0x00000007aab00000)
  object space 46592K, 34% used [0x0000000780000000,0x0000000780fbbaf8,0x0000000782d80000)
 Metaspace       used 20997K, capacity 21211K, committed 21552K, reserved 1069056K
  class space    used 2043K, capacity 2112K, committed 2176K, reserved 1048576K
}
Event: 259.687 GC heap before
{Heap before GC invocations=39 (full 1):
 PSYoungGen      total 27648K, used 27200K [0x00000007aab00000, 0x00000007aca80000, 0x00000007c0000000)
  eden space 27136K, 100% used [0x00000007aab00000,0x00000007ac580000,0x00000007ac580000)
  from space 512K, 12% used [0x00000007ac600000,0x00000007ac610000,0x00000007ac680000)
  to   space 2560K, 0% used [0x00000007ac800000,0x00000007ac800000,0x00000007aca80000)
 ParOldGen       total 46592K, used 16110K [0x0000000780000000, 0x0000000782d80000, 0x00000007aab00000)
  object space 46592K, 34% used [0x0000000780000000,0x0000000780fbbaf8,0x0000000782d80000)
 Metaspace       used 20997K, capacity 21211K, committed 21552K, reserved 1069056K
  class space    used 2043K, capacity 2112K, committed 2176K, reserved 1048576K
Event: 259.689 GC heap after
Heap after GC invocations=39 (full 1):
 PSYoungGen      total 28672K, used 64K [0x00000007aab00000, 0x00000007aca00000, 0x00000007c0000000)
  eden space 26624K, 0% used [0x00000007aab00000,0x00000007aab00000,0x00000007ac500000)
  from space 2048K, 3% used [0x00000007ac800000,0x00000007ac810000,0x00000007aca00000)
  to   space 2560K, 0% used [0x00000007ac500000,0x00000007ac500000,0x00000007ac780000)
 ParOldGen       total 46592K, used 16110K [0x0000000780000000, 0x0000000782d80000, 0x00000007aab00000)
  object space 46592K, 34% used [0x0000000780000000,0x0000000780fbbaf8,0x0000000782d80000)
 Metaspace       used 20997K, capacity 21211K, committed 21552K, reserved 1069056K
  class space    used 2043K, capacity 2112K, committed 2176K, reserved 1048576K
}

