# JRE version: Java(TM) SE Runtime Environment (8.0_102-b14) (build 1.8.0_102-b14)
# Java VM: Java HotSpot(TM) 64-Bit Server VM (25.102-b14 mixed mode bsd-amd64 compressed oops)
Heap:
 PSYoungGen      total 49664K, used 2134K [0x00000007aab00000, 0x00000007af580000, 0x00000007c0000000)
  eden space 49152K, 4% used [0x00000007aab00000,0x00000007aacf5910,0x00000007adb00000)
  from space 512K, 25% used [0x00000007ae300000,0x00000007ae320000,0x00000007ae380000)
  to   space 11264K, 0% used [0x00000007aea80000,0x00000007aea80000,0x00000007af580000)
 ParOldGen       total 45568K, used 15249K [0x0000000780000000, 0x0000000782c80000, 0x00000007aab00000)
  object space 45568K, 33% used [0x0000000780000000,0x0000000780ee4648,0x0000000782c80000)
 Metaspace       used 21025K, capacity 21211K, committed 21552K, reserved 1069056K
  class space    used 2048K, capacity 2112K, committed 2176K, reserved 1048576K
GC Heap History (10 events):
Event: 5.498 GC heap before
{Heap before GC invocations=4 (full 0):
 PSYoungGen      total 18944K, used 18912K [0x00000007aab00000, 0x00000007ad000000, 0x00000007c0000000)
  eden space 16384K, 100% used [0x00000007aab00000,0x00000007abb00000,0x00000007abb00000)
  from space 2560K, 98% used [0x00000007abb00000,0x00000007abd78060,0x00000007abd80000)
  to   space 2560K, 0% used [0x00000007acd80000,0x00000007acd80000,0x00000007ad000000)
 ParOldGen       total 44032K, used 7104K [0x0000000780000000, 0x0000000782b00000, 0x00000007aab00000)
  object space 44032K, 16% used [0x0000000780000000,0x00000007806f0120,0x0000000782b00000)
 Metaspace       used 20103K, capacity 20277K, committed 20608K, reserved 1067008K
  class space    used 2023K, capacity 2079K, committed 2176K, reserved 1048576K
Event: 5.509 GC heap after
Heap after GC invocations=4 (full 0):
 PSYoungGen      total 35328K, used 2544K [0x00000007aab00000, 0x00000007ad000000, 0x00000007c0000000)
  eden space 32768K, 0% used [0x00000007aab00000,0x00000007aab00000,0x00000007acb00000)
  from space 2560K, 99% used [0x00000007acd80000,0x00000007acffc030,0x00000007ad000000)
  to   space 2560K, 0% used [0x00000007acb00000,0x00000007acb00000,0x00000007acd80000)
 ParOldGen       total 44032K, used 14295K [0x0000000780000000, 0x0000000782b00000, 0x00000007aab00000)
  object space 44032K, 32% used [0x0000000780000000,0x0000000780df5f58,0x0000000782b00000)
 Metaspace       used 20103K, capacity 20277K, committed 20608K, reserved 1067008K
  class space    used 2023K, capacity 2079K, committed 2176K, reserved 1048576K
}
Event: 6.546 GC heap before
{Heap before GC invocations=5 (full 0):
 PSYoungGen      total 35328K, used 35312K [0x00000007aab00000, 0x00000007ad000000, 0x00000007c0000000)
  eden space 32768K, 100% used [0x00000007aab00000,0x00000007acb00000,0x00000007acb00000)
  from space 2560K, 99% used [0x00000007acd80000,0x00000007acffc030,0x00000007ad000000)
  to   space 2560K, 0% used [0x00000007acb00000,0x00000007acb00000,0x00000007acd80000)
 ParOldGen       total 44032K, used 14295K [0x0000000780000000, 0x0000000782b00000, 0x00000007aab00000)
  object space 44032K, 32% used [0x0000000780000000,0x0000000780df5f58,0x0000000782b00000)
 Metaspace       used 20544K, capacity 20699K, committed 20864K, reserved 1069056K
  class space    used 2041K, capacity 2112K, committed 2176K, reserved 1048576K
Event: 6.556 GC heap after
Heap after GC invocations=5 (full 0):
 PSYoungGen      total 35328K, used 2544K [0x00000007aab00000, 0x00000007aff00000, 0x00000007c0000000)
  eden space 32768K, 0% used [0x00000007aab00000,0x00000007aab00000,0x00000007acb00000)
  from space 2560K, 99% used [0x00000007acb00000,0x00000007acd7c040,0x00000007acd80000)
  to   space 10240K, 0% used [0x00000007af500000,0x00000007af500000,0x00000007aff00000)
 ParOldGen       total 44032K, used 18336K [0x0000000780000000, 0x0000000782b00000, 0x00000007aab00000)
  object space 44032K, 41% used [0x0000000780000000,0x00000007811e8138,0x0000000782b00000)
 Metaspace       used 20544K, capacity 20699K, committed 20864K, reserved 1069056K
  class space    used 2041K, capacity 2112K, committed 2176K, reserved 1048576K
}
Event: 11.967 GC heap before
{Heap before GC invocations=6 (full 0):
 PSYoungGen      total 35328K, used 29715K [0x00000007aab00000, 0x00000007aff00000, 0x00000007c0000000)
  eden space 32768K, 82% used [0x00000007aab00000,0x00000007ac588e08,0x00000007acb00000)
  from space 2560K, 99% used [0x00000007acb00000,0x00000007acd7c040,0x00000007acd80000)
  to   space 10240K, 0% used [0x00000007af500000,0x00000007af500000,0x00000007aff00000)
 ParOldGen       total 44032K, used 18336K [0x0000000780000000, 0x0000000782b00000, 0x00000007aab00000)
  object space 44032K, 41% used [0x0000000780000000,0x00000007811e8138,0x0000000782b00000)
 Metaspace       used 20927K, capacity 21083K, committed 21296K, reserved 1069056K
  class space    used 2041K, capacity 2112K, committed 2176K, reserved 1048576K
Event: 11.979 GC heap after
Heap after GC invocations=6 (full 0):
 PSYoungGen      total 34816K, used 2592K [0x00000007aab00000, 0x00000007af800000, 0x00000007c0000000)
  eden space 31744K, 0% used [0x00000007aab00000,0x00000007aab00000,0x00000007aca00000)
  from space 3072K, 84% used [0x00000007af500000,0x00000007af788050,0x00000007af800000)
  to   space 10752K, 0% used [0x00000007ae300000,0x00000007ae300000,0x00000007aed80000)
 ParOldGen       total 44032K, used 18336K [0x0000000780000000, 0x0000000782b00000, 0x00000007aab00000)
  object space 44032K, 41% used [0x0000000780000000,0x00000007811e8138,0x0000000782b00000)
 Metaspace       used 20927K, capacity 21083K, committed 21296K, reserved 1069056K
  class space    used 2041K, capacity 2112K, committed 2176K, reserved 1048576K
}
Event: 11.979 GC heap before
{Heap before GC invocations=7 (full 1):
 PSYoungGen      total 34816K, used 2592K [0x00000007aab00000, 0x00000007af800000, 0x00000007c0000000)
  eden space 31744K, 0% used [0x00000007aab00000,0x00000007aab00000,0x00000007aca00000)
  from space 3072K, 84% used [0x00000007af500000,0x00000007af788050,0x00000007af800000)
  to   space 10752K, 0% used [0x00000007ae300000,0x00000007ae300000,0x00000007aed80000)
 ParOldGen       total 44032K, used 18336K [0x0000000780000000, 0x0000000782b00000, 0x00000007aab00000)
  object space 44032K, 41% used [0x0000000780000000,0x00000007811e8138,0x0000000782b00000)
 Metaspace       used 20927K, capacity 21083K, committed 21296K, reserved 1069056K
  class space    used 2041K, capacity 2112K, committed 2176K, reserved 1048576K
Event: 12.045 GC heap after
Heap after GC invocations=7 (full 1):
 PSYoungGen      total 34816K, used 0K [0x00000007aab00000, 0x00000007af800000, 0x00000007c0000000)
  eden space 31744K, 0% used [0x00000007aab00000,0x00000007aab00000,0x00000007aca00000)
  from space 3072K, 0% used [0x00000007af500000,0x00000007af500000,0x00000007af800000)
  to   space 10752K, 0% used [0x00000007ae300000,0x00000007ae300000,0x00000007aed80000)
 ParOldGen       total 45568K, used 15241K [0x0000000780000000, 0x0000000782c80000, 0x00000007aab00000)
  object space 45568K, 33% used [0x0000000780000000,0x0000000780ee2648,0x0000000782c80000)
 Metaspace       used 20927K, capacity 21083K, committed 21296K, reserved 1069056K
  class space    used 2041K, capacity 2112K, committed 2176K, reserved 1048576K
}
Event: 18.344 GC heap before
{Heap before GC invocations=8 (full 1):
 PSYoungGen      total 34816K, used 31744K [0x00000007aab00000, 0x00000007af800000, 0x00000007c0000000)
  eden space 31744K, 100% used [0x00000007aab00000,0x00000007aca00000,0x00000007aca00000)
  from space 3072K, 0% used [0x00000007af500000,0x00000007af500000,0x00000007af800000)
  to   space 10752K, 0% used [0x00000007ae300000,0x00000007ae300000,0x00000007aed80000)
 ParOldGen       total 45568K, used 15241K [0x0000000780000000, 0x0000000782c80000, 0x00000007aab00000)
  object space 45568K, 33% used [0x0000000780000000,0x0000000780ee2648,0x0000000782c80000)
 Metaspace       used 20992K, capacity 21211K, committed 21552K, reserved 1069056K
  class space    used 2041K, capacity 2112K, committed 2176K, reserved 1048576K
Event: 18.345 GC heap after
Heap after GC invocations=8 (full 1):
 PSYoungGen      total 49664K, used 128K [0x00000007aab00000, 0x00000007af580000, 0x00000007c0000000)
  eden space 49152K, 0% used [0x00000007aab00000,0x00000007aab00000,0x00000007adb00000)
  from space 512K, 25% used [0x00000007ae300000,0x00000007ae320000,0x00000007ae380000)
  to   space 11264K, 0% used [0x00000007aea80000,0x00000007aea80000,0x00000007af580000)
 ParOldGen       total 45568K, used 15249K [0x0000000780000000, 0x0000000782c80000, 0x00000007aab00000)
  object space 45568K, 33% used [0x0000000780000000,0x0000000780ee4648,0x0000000782c80000)
 Metaspace       used 20992K, capacity 21211K, committed 21552K, reserved 1069056K
  class space    used 2041K, capacity 2112K, committed 2176K, reserved 1048576K
}

